#
# There is insufficient memory for the Java Runtime Environment to continue.
# Native memory allocation (mmap) failed to map 152043520 bytes for G1 virtual space
# Possible reasons:
#   The system is out of physical RAM or swap space
#   The process is running with CompressedOops enabled, and the Java Heap may be blocking the growth of the native heap
# Possible solutions:
#   Reduce memory load on the system
#   Increase physical memory or swap space
#   Check if swap backing store is full
#   Decrease Java heap size (-Xmx/-Xms)
#   Decrease number of Java threads
#   Decrease Java thread stack sizes (-Xss)
#   Set larger code cache with -XX:ReservedCodeCacheSize=
#   JVM is running with Unscaled Compressed Oops mode in which the Java heap is
#     placed in the first 4GB address space. The Java Heap base address is the
#     maximum limit for the native heap growth. Please use -XX:HeapBaseMinAddress
#     to set the Java Heap base and to place the Java Heap above 4GB virtual address.
# This output file may be truncated or incomplete.
#
#  Out of Memory Error (os_windows.cpp:3557), pid=34348, tid=29312
#
# JRE version: OpenJDK Runtime Environment Temurin-17.0.6+10 (17.0.6+10) (build 17.0.6+10)
# Java VM: OpenJDK 64-Bit Server VM Temurin-17.0.6+10 (17.0.6+10, mixed mode, emulated-client, sharing, tiered, compressed oops, compressed class ptrs, g1 gc, windows-amd64)
# No core dump will be written. Minidumps are not enabled by default on client versions of Windows
#

---------------  S U M M A R Y ------------

Command Line: -Dquarkus-internal.serialized-app-model.path=C:\Users\IVONETE\Documents\Topicos12023\loja-acessorio-project\target\quarkus\bootstrap\dev-app-model.dat -javaagent:C:\Users\IVONETE\.m2\repository\io\quarkus\quarkus-class-change-agent\3.0.2.Final\quarkus-class-change-agent-3.0.2.Final.jar -XX:TieredStopAtLevel=1 -Djava.util.logging.manager=org.jboss.logmanager.LogManager C:\Users\IVONETE\Documents\Topicos12023\loja-acessorio-project\target\loja-acessorio-project-dev.jar

Host: Intel(R) Celeron(R) 3205U @ 1.50GHz, 2 cores, 3G,  Windows 10 , 64 bit Build 19041 (10.0.19041.2913)
Time: Sun May 21 14:30:38 2023 Tocantins Standard Time elapsed time: 23.524299 seconds (0d 0h 0m 23s)

---------------  T H R E A D  ---------------

Current thread (0x000001b8e323a110):  VMThread "VM Thread" [stack: 0x0000008158c00000,0x0000008158d00000] [id=29312]

Stack: [0x0000008158c00000,0x0000008158d00000]
Native frames: (J=compiled Java code, j=interpreted, Vv=VM code, C=native code)
V  [jvm.dll+0x67741a]
V  [jvm.dll+0x834434]
V  [jvm.dll+0x835bde]
V  [jvm.dll+0x836243]
V  [jvm.dll+0x2457b5]
V  [jvm.dll+0x674329]
V  [jvm.dll+0x6689da]
V  [jvm.dll+0x30489b]
V  [jvm.dll+0x30bd96]
V  [jvm.dll+0x35b57e]
V  [jvm.dll+0x35b7af]
V  [jvm.dll+0x2db778]
V  [jvm.dll+0x2d9a2c]
V  [jvm.dll+0x2d8ffc]
V  [jvm.dll+0x31cdcb]
V  [jvm.dll+0x83a6eb]
V  [jvm.dll+0x83b424]
V  [jvm.dll+0x83b93c]
V  [jvm.dll+0x83bd14]
V  [jvm.dll+0x83bde0]
V  [jvm.dll+0x7e483a]
V  [jvm.dll+0x6762c5]
C  [ucrtbase.dll+0x21bb2]
C  [KERNEL32.DLL+0x17614]
C  [ntdll.dll+0x526a1]

VM_Operation (0x00000081611fc760): G1CollectForAllocation, mode: safepoint, requested by thread 0x000001b8f53b77b0


---------------  P R O C E S S  ---------------

Threads class SMR info:
_java_thread_list=0x000001b8f3de2fe0, length=160, elements={
0x000001b8e31933b0, 0x000001b8e323dc70, 0x000001b8e323e9f0, 0x000001b8e3253c90,
0x000001b8e3254750, 0x000001b8e3255010, 0x000001b8e32558d0, 0x000001b8e32571a0,
0x000001b8e325e5a0, 0x000001b8f1fed090, 0x000001b8f30e1e20, 0x000001b8f338d3d0,
0x000001b8f338d8a0, 0x000001b8f2c740c0, 0x000001b8f42c0210, 0x000001b8f42c06e0,
0x000001b8f40ae730, 0x000001b8f40aec00, 0x000001b8f40af0d0, 0x000001b8f40af5a0,
0x000001b8f402d530, 0x000001b8f402d060, 0x000001b8f402ded0, 0x000001b8f402da00,
0x000001b8f402e3a0, 0x000001b8f402e870, 0x000001b8f448c8b0, 0x000001b8f4488a20,
0x000001b8f448a230, 0x000001b8f4487bb0, 0x000001b8f448ba40, 0x000001b8f4489d60,
0x000001b8f448b570, 0x000001b8f4485ed0, 0x000001b8f448bf10, 0x000001b8f4487210,
0x000001b8f44863a0, 0x000001b8f4486d40, 0x000001b8f44876e0, 0x000001b8f448c3e0,
0x000001b8f4488080, 0x000001b8f448b0a0, 0x000001b8f4488550, 0x000001b8f4485060,
0x000001b8f4488ef0, 0x000001b8f44893c0, 0x000001b8f4486870, 0x000001b8f4485530,
0x000001b8f4485a00, 0x000001b8f4489890, 0x000001b8f448a700, 0x000001b8f448abd0,
0x000001b8f47b4010, 0x000001b8f47b3b40, 0x000001b8f47b5cf0, 0x000001b8f47b7030,
0x000001b8f47b79d0, 0x000001b8f47baec0, 0x000001b8f47b44e0, 0x000001b8f47b91e0,
0x000001b8f47b8840, 0x000001b8f47b49b0, 0x000001b8f47b4e80, 0x000001b8f47b7500,
0x000001b8f47b61c0, 0x000001b8f47ba050, 0x000001b8f47b96b0, 0x000001b8f47b9b80,
0x000001b8f47b8370, 0x000001b8f47b5350, 0x000001b8f47b7ea0, 0x000001b8f47b5820,
0x000001b8f47b8d10, 0x000001b8f47bb390, 0x000001b8f47ba520, 0x000001b8f47ba9f0,
0x000001b8f47b6690, 0x000001b8f47b6b60, 0x000001b8f53763c0, 0x000001b8f5377230,
0x000001b8f53733a0, 0x000001b8f5371b90, 0x000001b8f5370d20, 0x000001b8f5372060,
0x000001b8f5370850, 0x000001b8f5372530, 0x000001b8f5376890, 0x000001b8f5372ed0,
0x000001b8f5377bd0, 0x000001b8f5373870, 0x000001b8f5370380, 0x000001b8f53711f0,
0x000001b8f5375550, 0x000001b8f5373d40, 0x000001b8f5376d60, 0x000001b8f5377700,
0x000001b8f5374210, 0x000001b8f5375ef0, 0x000001b8f53746e0, 0x000001b8f5374bb0,
0x000001b8f5375080, 0x000001b8f5372a00, 0x000001b8f53716c0, 0x000001b8f5375a20,
0x000001b8f538ad70, 0x000001b8f538ca50, 0x000001b8f538ec00, 0x000001b8f538e260,
0x000001b8f538e730, 0x000001b8f538cf20, 0x000001b8f538f5a0, 0x000001b8f538d3f0,
0x000001b8f538f0d0, 0x000001b8f538d8c0, 0x000001b8f538a8a0, 0x000001b8f538fa70,
0x000001b8f5390db0, 0x000001b8f5391280, 0x000001b8f5390410, 0x000001b8f538ff40,
0x000001b8f538dd90, 0x000001b8f53908e0, 0x000001b8f5391750, 0x000001b8f5391c20,
0x000001b8f538c0b0, 0x000001b8f538a3d0, 0x000001b8f538b240, 0x000001b8f538c580,
0x000001b8f538b710, 0x000001b8f538bbe0, 0x000001b8f53b77b0, 0x000001b8f53b72e0,
0x000001b8f53b6470, 0x000001b8f53b4c60, 0x000001b8f53b3df0, 0x000001b8f53b6940,
0x000001b8f53b5130, 0x000001b8f53b0dd0, 0x000001b8f53b2ab0, 0x000001b8f53b25e0,
0x000001b8f53b5600, 0x000001b8f53b3920, 0x000001b8f53b5fa0, 0x000001b8f53b5ad0,
0x000001b8f53b6e10, 0x000001b8f53b42c0, 0x000001b8f53b0900, 0x000001b8f53b12a0,
0x000001b8f53b4790, 0x000001b8f53b1c40, 0x000001b8f53b2110, 0x000001b8f53b7c80,
0x000001b8f53b1770, 0x000001b8f53b2f80, 0x000001b8f53b0430, 0x000001b8f53b3450,
0x000001b8f53dcbb0, 0x000001b8f53db870, 0x000001b8f53dbd40, 0x000001b8f53ded60
}
_to_delete_list=0x000001b8f5773ee0, length=159, elements={
0x000001b8e31933b0, 0x000001b8e323dc70, 0x000001b8e323e9f0, 0x000001b8e3253c90,
0x000001b8e3254750, 0x000001b8e3255010, 0x000001b8e32558d0, 0x000001b8e32571a0,
0x000001b8e325e5a0, 0x000001b8f1fed090, 0x000001b8f30e1e20, 0x000001b8f338d3d0,
0x000001b8f338d8a0, 0x000001b8f2c740c0, 0x000001b8f42c0210, 0x000001b8f42c06e0,
0x000001b8f40ae730, 0x000001b8f40aec00, 0x000001b8f40af0d0, 0x000001b8f40af5a0,
0x000001b8f402d530, 0x000001b8f402d060, 0x000001b8f402ded0, 0x000001b8f402da00,
0x000001b8f402e3a0, 0x000001b8f402e870, 0x000001b8f448c8b0, 0x000001b8f4488a20,
0x000001b8f448a230, 0x000001b8f4487bb0, 0x000001b8f448ba40, 0x000001b8f4489d60,
0x000001b8f448b570, 0x000001b8f4485ed0, 0x000001b8f448bf10, 0x000001b8f4487210,
0x000001b8f44863a0, 0x000001b8f4486d40, 0x000001b8f44876e0, 0x000001b8f448c3e0,
0x000001b8f4488080, 0x000001b8f448b0a0, 0x000001b8f4488550, 0x000001b8f4485060,
0x000001b8f4488ef0, 0x000001b8f44893c0, 0x000001b8f4486870, 0x000001b8f4485530,
0x000001b8f4485a00, 0x000001b8f4489890, 0x000001b8f448a700, 0x000001b8f448abd0,
0x000001b8f47b4010, 0x000001b8f47b3b40, 0x000001b8f47b5cf0, 0x000001b8f47b7030,
0x000001b8f47b79d0, 0x000001b8f47baec0, 0x000001b8f47b44e0, 0x000001b8f47b91e0,
0x000001b8f47b8840, 0x000001b8f47b49b0, 0x000001b8f47b4e80, 0x000001b8f47b7500,
0x000001b8f47b61c0, 0x000001b8f47ba050, 0x000001b8f47b96b0, 0x000001b8f47b9b80,
0x000001b8f47b8370, 0x000001b8f47b5350, 0x000001b8f47b7ea0, 0x000001b8f47b5820,
0x000001b8f47b8d10, 0x000001b8f47bb390, 0x000001b8f47ba520, 0x000001b8f47ba9f0,
0x000001b8f47b6690, 0x000001b8f47b6b60, 0x000001b8f53763c0, 0x000001b8f5377230,
0x000001b8f53733a0, 0x000001b8f5371b90, 0x000001b8f5370d20, 0x000001b8f5372060,
0x000001b8f5370850, 0x000001b8f5372530, 0x000001b8f5376890, 0x000001b8f5372ed0,
0x000001b8f5377bd0, 0x000001b8f5373870, 0x000001b8f5370380, 0x000001b8f53711f0,
0x000001b8f5375550, 0x000001b8f5373d40, 0x000001b8f5376d60, 0x000001b8f5377700,
0x000001b8f5374210, 0x000001b8f5375ef0, 0x000001b8f53746e0, 0x000001b8f5374bb0,
0x000001b8f5375080, 0x000001b8f5372a00, 0x000001b8f53716c0, 0x000001b8f5375a20,
0x000001b8f538ad70, 0x000001b8f538ca50, 0x000001b8f538ec00, 0x000001b8f538e260,
0x000001b8f538e730, 0x000001b8f538cf20, 0x000001b8f538f5a0, 0x000001b8f538d3f0,
0x000001b8f538f0d0, 0x000001b8f538d8c0, 0x000001b8f538a8a0, 0x000001b8f538fa70,
0x000001b8f5390db0, 0x000001b8f5391280, 0x000001b8f5390410, 0x000001b8f538ff40,
0x000001b8f538dd90, 0x000001b8f53908e0, 0x000001b8f5391750, 0x000001b8f5391c20,
0x000001b8f538c0b0, 0x000001b8f538a3d0, 0x000001b8f538b240, 0x000001b8f538c580,
0x000001b8f538b710, 0x000001b8f538bbe0, 0x000001b8f53b77b0, 0x000001b8f53b72e0,
0x000001b8f53b6470, 0x000001b8f53b4c60, 0x000001b8f53b3df0, 0x000001b8f53b6940,
0x000001b8f53b5130, 0x000001b8f53b0dd0, 0x000001b8f53b2ab0, 0x000001b8f53b25e0,
0x000001b8f53b5600, 0x000001b8f53b3920, 0x000001b8f53b5fa0, 0x000001b8f53b5ad0,
0x000001b8f53b6e10, 0x000001b8f53b42c0, 0x000001b8f53b0900, 0x000001b8f53b12a0,
0x000001b8f53b4790, 0x000001b8f53b1c40, 0x000001b8f53b2110, 0x000001b8f53b7c80,
0x000001b8f53b1770, 0x000001b8f53b2f80, 0x000001b8f53b0430, 0x000001b8f53b3450,
0x000001b8f53dcbb0, 0x000001b8f53db870, 0x000001b8f53dbd40
}

Java Threads: ( => current thread )
  0x000001b8e31933b0 JavaThread "main" [_thread_blocked, id=35484, stack(0x0000008158600000,0x0000008158700000)]
  0x000001b8e323dc70 JavaThread "Reference Handler" daemon [_thread_blocked, id=31656, stack(0x0000008158d00000,0x0000008158e00000)]
  0x000001b8e323e9f0 JavaThread "Finalizer" daemon [_thread_blocked, id=34504, stack(0x0000008158e00000,0x0000008158f00000)]
  0x000001b8e3253c90 JavaThread "Signal Dispatcher" daemon [_thread_blocked, id=34748, stack(0x0000008158f00000,0x0000008159000000)]
  0x000001b8e3254750 JavaThread "Attach Listener" daemon [_thread_blocked, id=35420, stack(0x0000008159000000,0x0000008159100000)]
  0x000001b8e3255010 JavaThread "Service Thread" daemon [_thread_blocked, id=33500, stack(0x0000008159100000,0x0000008159200000)]
  0x000001b8e32558d0 JavaThread "Monitor Deflation Thread" daemon [_thread_blocked, id=30676, stack(0x0000008159200000,0x0000008159300000)]
  0x000001b8e32571a0 JavaThread "C1 CompilerThread0" daemon [_thread_blocked, id=35660, stack(0x0000008159300000,0x0000008159400000)]
  0x000001b8e325e5a0 JavaThread "Sweeper thread" daemon [_thread_blocked, id=32944, stack(0x0000008159400000,0x0000008159500000)]
  0x000001b8f1fed090 JavaThread "Common-Cleaner" daemon [_thread_blocked, id=35116, stack(0x0000008159500000,0x0000008159600000)]
  0x000001b8f30e1e20 JavaThread "Notification Thread" daemon [_thread_blocked, id=34760, stack(0x0000008159700000,0x0000008159800000)]
  0x000001b8f338d3d0 JavaThread "Quarkus Devmode keep alive thread" [_thread_blocked, id=35436, stack(0x0000008159600000,0x0000008159700000)]
  0x000001b8f338d8a0 JavaThread "C1 CompilerThread1" daemon [_thread_blocked, id=34972, stack(0x0000008159b00000,0x0000008159c00000)]
  0x000001b8f2c740c0 JavaThread "ForkJoinPool.commonPool-worker-1" daemon [_thread_blocked, id=26304, stack(0x0000008159c00000,0x0000008159d00000)]
  0x000001b8f42c0210 JavaThread "build-2" [_thread_blocked, id=31064, stack(0x0000008159d00000,0x0000008159e00000)]
  0x000001b8f42c06e0 JavaThread "build-3" [_thread_blocked, id=29864, stack(0x0000008159e00000,0x0000008159f00000)]
  0x000001b8f40ae730 JavaThread "build-4" [_thread_blocked, id=25032, stack(0x0000008159f00000,0x000000815a000000)]
  0x000001b8f40aec00 JavaThread "build-5" [_thread_blocked, id=35828, stack(0x000000815a000000,0x000000815a100000)]
  0x000001b8f40af0d0 JavaThread "build-6" [_thread_blocked, id=33288, stack(0x000000815a100000,0x000000815a200000)]
  0x000001b8f40af5a0 JavaThread "build-7" [_thread_blocked, id=35444, stack(0x000000815a200000,0x000000815a300000)]
  0x000001b8f402d530 JavaThread "build-8" [_thread_blocked, id=29652, stack(0x000000815a300000,0x000000815a400000)]
  0x000001b8f402d060 JavaThread "build-9" [_thread_blocked, id=31180, stack(0x000000815a400000,0x000000815a500000)]
  0x000001b8f402ded0 JavaThread "build-10" [_thread_blocked, id=34064, stack(0x000000815a500000,0x000000815a600000)]
  0x000001b8f402da00 JavaThread "build-11" [_thread_blocked, id=35592, stack(0x000000815a600000,0x000000815a700000)]
  0x000001b8f402e3a0 JavaThread "build-12" [_thread_blocked, id=30976, stack(0x000000815a700000,0x000000815a800000)]
  0x000001b8f402e870 JavaThread "build-13" [_thread_blocked, id=35688, stack(0x000000815a800000,0x000000815a900000)]
  0x000001b8f448c8b0 JavaThread "build-14" [_thread_blocked, id=34196, stack(0x000000815a900000,0x000000815aa00000)]
  0x000001b8f4488a20 JavaThread "build-15" [_thread_blocked, id=27116, stack(0x000000815aa00000,0x000000815ab00000)]
  0x000001b8f448a230 JavaThread "build-16" [_thread_blocked, id=35752, stack(0x000000815ab00000,0x000000815ac00000)]
  0x000001b8f4487bb0 JavaThread "build-17" [_thread_blocked, id=29944, stack(0x000000815ac00000,0x000000815ad00000)]
  0x000001b8f448ba40 JavaThread "build-18" [_thread_blocked, id=33464, stack(0x000000815ad00000,0x000000815ae00000)]
  0x000001b8f4489d60 JavaThread "build-19" [_thread_blocked, id=34660, stack(0x000000815ae00000,0x000000815af00000)]
  0x000001b8f448b570 JavaThread "build-20" [_thread_blocked, id=33732, stack(0x000000815af00000,0x000000815b000000)]
  0x000001b8f4485ed0 JavaThread "build-21" [_thread_blocked, id=24272, stack(0x000000815b000000,0x000000815b100000)]
  0x000001b8f448bf10 JavaThread "build-22" [_thread_blocked, id=34000, stack(0x000000815b100000,0x000000815b200000)]
  0x000001b8f4487210 JavaThread "build-23" [_thread_blocked, id=35228, stack(0x000000815b200000,0x000000815b300000)]
  0x000001b8f44863a0 JavaThread "build-24" [_thread_blocked, id=35560, stack(0x000000815b300000,0x000000815b400000)]
  0x000001b8f4486d40 JavaThread "build-25" [_thread_blocked, id=35004, stack(0x000000815b400000,0x000000815b500000)]
  0x000001b8f44876e0 JavaThread "build-26" [_thread_blocked, id=33628, stack(0x000000815b500000,0x000000815b600000)]
  0x000001b8f448c3e0 JavaThread "build-27" [_thread_blocked, id=35760, stack(0x000000815b600000,0x000000815b700000)]
  0x000001b8f4488080 JavaThread "build-28" [_thread_blocked, id=35464, stack(0x000000815b700000,0x000000815b800000)]
  0x000001b8f448b0a0 JavaThread "build-29" [_thread_blocked, id=30016, stack(0x000000815b800000,0x000000815b900000)]
  0x000001b8f4488550 JavaThread "build-30" [_thread_blocked, id=35356, stack(0x000000815b900000,0x000000815ba00000)]
  0x000001b8f4485060 JavaThread "build-31" [_thread_blocked, id=31456, stack(0x000000815ba00000,0x000000815bb00000)]
  0x000001b8f4488ef0 JavaThread "build-32" [_thread_blocked, id=35224, stack(0x000000815bb00000,0x000000815bc00000)]
  0x000001b8f44893c0 JavaThread "build-33" [_thread_blocked, id=28944, stack(0x000000815bc00000,0x000000815bd00000)]
  0x000001b8f4486870 JavaThread "build-34" [_thread_blocked, id=11760, stack(0x000000815bd00000,0x000000815be00000)]
  0x000001b8f4485530 JavaThread "build-35" [_thread_blocked, id=33092, stack(0x000000815be00000,0x000000815bf00000)]
  0x000001b8f4485a00 JavaThread "build-36" [_thread_blocked, id=27472, stack(0x000000815bf00000,0x000000815c000000)]
  0x000001b8f4489890 JavaThread "build-37" [_thread_blocked, id=34032, stack(0x000000815c000000,0x000000815c100000)]
  0x000001b8f448a700 JavaThread "build-38" [_thread_blocked, id=33604, stack(0x000000815c100000,0x000000815c200000)]
  0x000001b8f448abd0 JavaThread "build-39" [_thread_blocked, id=35236, stack(0x000000815c200000,0x000000815c300000)]
  0x000001b8f47b4010 JavaThread "build-40" [_thread_blocked, id=35544, stack(0x000000815c300000,0x000000815c400000)]
  0x000001b8f47b3b40 JavaThread "build-41" [_thread_blocked, id=33632, stack(0x000000815c400000,0x000000815c500000)]
  0x000001b8f47b5cf0 JavaThread "build-42" [_thread_blocked, id=34112, stack(0x000000815c500000,0x000000815c600000)]
  0x000001b8f47b7030 JavaThread "build-43" [_thread_blocked, id=18544, stack(0x000000815c600000,0x000000815c700000)]
  0x000001b8f47b79d0 JavaThread "build-44" [_thread_blocked, id=33556, stack(0x000000815c700000,0x000000815c800000)]
  0x000001b8f47baec0 JavaThread "build-45" [_thread_blocked, id=34968, stack(0x000000815c800000,0x000000815c900000)]
  0x000001b8f47b44e0 JavaThread "build-46" [_thread_blocked, id=34900, stack(0x000000815c900000,0x000000815ca00000)]
  0x000001b8f47b91e0 JavaThread "build-47" [_thread_blocked, id=8936, stack(0x000000815ca00000,0x000000815cb00000)]
  0x000001b8f47b8840 JavaThread "build-48" [_thread_blocked, id=35024, stack(0x000000815cb00000,0x000000815cc00000)]
  0x000001b8f47b49b0 JavaThread "build-49" [_thread_blocked, id=2436, stack(0x000000815cc00000,0x000000815cd00000)]
  0x000001b8f47b4e80 JavaThread "build-50" [_thread_blocked, id=35080, stack(0x000000815cd00000,0x000000815ce00000)]
  0x000001b8f47b7500 JavaThread "build-51" [_thread_blocked, id=34004, stack(0x000000815ce00000,0x000000815cf00000)]
  0x000001b8f47b61c0 JavaThread "build-52" [_thread_blocked, id=35788, stack(0x000000815cf00000,0x000000815d000000)]
  0x000001b8f47ba050 JavaThread "build-53" [_thread_blocked, id=28924, stack(0x000000815d000000,0x000000815d100000)]
  0x000001b8f47b96b0 JavaThread "build-54" [_thread_blocked, id=33956, stack(0x000000815d100000,0x000000815d200000)]
  0x000001b8f47b9b80 JavaThread "build-55" [_thread_blocked, id=34428, stack(0x000000815d200000,0x000000815d300000)]
  0x000001b8f47b8370 JavaThread "build-56" [_thread_blocked, id=35780, stack(0x000000815d300000,0x000000815d400000)]
  0x000001b8f47b5350 JavaThread "build-57" [_thread_blocked, id=13084, stack(0x000000815d400000,0x000000815d500000)]
  0x000001b8f47b7ea0 JavaThread "build-58" [_thread_blocked, id=30656, stack(0x000000815d500000,0x000000815d600000)]
  0x000001b8f47b5820 JavaThread "build-59" [_thread_blocked, id=33416, stack(0x000000815d600000,0x000000815d700000)]
  0x000001b8f47b8d10 JavaThread "build-60" [_thread_blocked, id=35416, stack(0x000000815d700000,0x000000815d800000)]
  0x000001b8f47bb390 JavaThread "build-61" [_thread_blocked, id=35144, stack(0x000000815d800000,0x000000815d900000)]
  0x000001b8f47ba520 JavaThread "build-62" [_thread_blocked, id=34988, stack(0x000000815d900000,0x000000815da00000)]
  0x000001b8f47ba9f0 JavaThread "build-63" [_thread_blocked, id=25500, stack(0x000000815da00000,0x000000815db00000)]
  0x000001b8f47b6690 JavaThread "build-64" [_thread_blocked, id=32956, stack(0x000000815db00000,0x000000815dc00000)]
  0x000001b8f47b6b60 JavaThread "build-65" [_thread_blocked, id=34920, stack(0x000000815dc00000,0x000000815dd00000)]
  0x000001b8f53763c0 JavaThread "build-66" [_thread_blocked, id=33432, stack(0x000000815dd00000,0x000000815de00000)]
  0x000001b8f5377230 JavaThread "build-67" [_thread_blocked, id=34104, stack(0x000000815de00000,0x000000815df00000)]
  0x000001b8f53733a0 JavaThread "build-68" [_thread_blocked, id=34140, stack(0x000000815df00000,0x000000815e000000)]
  0x000001b8f5371b90 JavaThread "build-69" [_thread_blocked, id=35548, stack(0x000000815e000000,0x000000815e100000)]
  0x000001b8f5370d20 JavaThread "build-70" [_thread_blocked, id=8812, stack(0x000000815e100000,0x000000815e200000)]
  0x000001b8f5372060 JavaThread "build-71" [_thread_blocked, id=31336, stack(0x000000815e200000,0x000000815e300000)]
  0x000001b8f5370850 JavaThread "build-72" [_thread_blocked, id=33284, stack(0x000000815e300000,0x000000815e400000)]
  0x000001b8f5372530 JavaThread "build-73" [_thread_blocked, id=35320, stack(0x000000815e400000,0x000000815e500000)]
  0x000001b8f5376890 JavaThread "build-74" [_thread_blocked, id=34396, stack(0x000000815e500000,0x000000815e600000)]
  0x000001b8f5372ed0 JavaThread "build-75" [_thread_blocked, id=34948, stack(0x000000815e600000,0x000000815e700000)]
  0x000001b8f5377bd0 JavaThread "build-76" [_thread_blocked, id=34868, stack(0x000000815e700000,0x000000815e800000)]
  0x000001b8f5373870 JavaThread "build-77" [_thread_blocked, id=31020, stack(0x000000815e800000,0x000000815e900000)]
  0x000001b8f5370380 JavaThread "build-78" [_thread_blocked, id=31372, stack(0x000000815e900000,0x000000815ea00000)]
  0x000001b8f53711f0 JavaThread "build-79" [_thread_blocked, id=35120, stack(0x000000815ea00000,0x000000815eb00000)]
  0x000001b8f5375550 JavaThread "build-80" [_thread_blocked, id=35604, stack(0x000000815eb00000,0x000000815ec00000)]
  0x000001b8f5373d40 JavaThread "build-81" [_thread_blocked, id=35176, stack(0x000000815ec00000,0x000000815ed00000)]
  0x000001b8f5376d60 JavaThread "build-82" [_thread_blocked, id=29464, stack(0x000000815ed00000,0x000000815ee00000)]
  0x000001b8f5377700 JavaThread "build-83" [_thread_blocked, id=32880, stack(0x000000815ee00000,0x000000815ef00000)]
  0x000001b8f5374210 JavaThread "build-84" [_thread_blocked, id=35132, stack(0x000000815ef00000,0x000000815f000000)]
  0x000001b8f5375ef0 JavaThread "build-85" [_thread_blocked, id=30052, stack(0x000000815f000000,0x000000815f100000)]
  0x000001b8f53746e0 JavaThread "build-86" [_thread_blocked, id=33152, stack(0x000000815f100000,0x000000815f200000)]
  0x000001b8f5374bb0 JavaThread "build-87" [_thread_blocked, id=32284, stack(0x000000815f200000,0x000000815f300000)]
  0x000001b8f5375080 JavaThread "build-88" [_thread_blocked, id=35476, stack(0x000000815f300000,0x000000815f400000)]
  0x000001b8f5372a00 JavaThread "build-89" [_thread_blocked, id=35608, stack(0x000000815f400000,0x000000815f500000)]
  0x000001b8f53716c0 JavaThread "build-90" [_thread_blocked, id=30432, stack(0x000000815f500000,0x000000815f600000)]
  0x000001b8f5375a20 JavaThread "build-91" [_thread_blocked, id=33080, stack(0x000000815f600000,0x000000815f700000)]
  0x000001b8f538ad70 JavaThread "build-92" [_thread_blocked, id=30924, stack(0x000000815f700000,0x000000815f800000)]
  0x000001b8f538ca50 JavaThread "build-93" [_thread_blocked, id=35060, stack(0x000000815f800000,0x000000815f900000)]
  0x000001b8f538ec00 JavaThread "build-94" [_thread_blocked, id=35496, stack(0x000000815f900000,0x000000815fa00000)]
  0x000001b8f538e260 JavaThread "build-95" [_thread_blocked, id=33244, stack(0x000000815fa00000,0x000000815fb00000)]
  0x000001b8f538e730 JavaThread "build-96" [_thread_blocked, id=35572, stack(0x000000815fb00000,0x000000815fc00000)]
  0x000001b8f538cf20 JavaThread "build-97" [_thread_blocked, id=24296, stack(0x000000815fc00000,0x000000815fd00000)]
  0x000001b8f538f5a0 JavaThread "build-98" [_thread_blocked, id=29756, stack(0x000000815fd00000,0x000000815fe00000)]
  0x000001b8f538d3f0 JavaThread "build-99" [_thread_blocked, id=33596, stack(0x000000815fe00000,0x000000815ff00000)]
  0x000001b8f538f0d0 JavaThread "build-100" [_thread_blocked, id=34872, stack(0x000000815ff00000,0x0000008160000000)]
  0x000001b8f538d8c0 JavaThread "build-101" [_thread_blocked, id=35272, stack(0x0000008160000000,0x0000008160100000)]
  0x000001b8f538a8a0 JavaThread "build-102" [_thread_blocked, id=34952, stack(0x0000008160100000,0x0000008160200000)]
  0x000001b8f538fa70 JavaThread "build-103" [_thread_blocked, id=34312, stack(0x0000008160200000,0x0000008160300000)]
  0x000001b8f5390db0 JavaThread "build-104" [_thread_blocked, id=34036, stack(0x0000008160300000,0x0000008160400000)]
  0x000001b8f5391280 JavaThread "build-105" [_thread_blocked, id=35068, stack(0x0000008160400000,0x0000008160500000)]
  0x000001b8f5390410 JavaThread "build-106" [_thread_blocked, id=34040, stack(0x0000008160500000,0x0000008160600000)]
  0x000001b8f538ff40 JavaThread "build-107" [_thread_blocked, id=31228, stack(0x0000008160600000,0x0000008160700000)]
  0x000001b8f538dd90 JavaThread "build-108" [_thread_blocked, id=33184, stack(0x0000008160700000,0x0000008160800000)]
  0x000001b8f53908e0 JavaThread "build-109" [_thread_blocked, id=31224, stack(0x0000008160800000,0x0000008160900000)]
  0x000001b8f5391750 JavaThread "build-110" [_thread_blocked, id=35104, stack(0x0000008160900000,0x0000008160a00000)]
  0x000001b8f5391c20 JavaThread "build-111" [_thread_blocked, id=34524, stack(0x0000008160a00000,0x0000008160b00000)]
  0x000001b8f538c0b0 JavaThread "build-112" [_thread_blocked, id=30444, stack(0x0000008160b00000,0x0000008160c00000)]
  0x000001b8f538a3d0 JavaThread "build-113" [_thread_blocked, id=35804, stack(0x0000008160c00000,0x0000008160d00000)]
  0x000001b8f538b240 JavaThread "build-114" [_thread_blocked, id=27200, stack(0x0000008160d00000,0x0000008160e00000)]
  0x000001b8f538c580 JavaThread "build-115" [_thread_blocked, id=34168, stack(0x0000008160e00000,0x0000008160f00000)]
  0x000001b8f538b710 JavaThread "build-116" [_thread_blocked, id=35156, stack(0x0000008160f00000,0x0000008161000000)]
  0x000001b8f538bbe0 JavaThread "build-117" [_thread_blocked, id=35256, stack(0x0000008161000000,0x0000008161100000)]
  0x000001b8f53b77b0 JavaThread "build-118" [_thread_blocked, id=29560, stack(0x0000008161100000,0x0000008161200000)]
  0x000001b8f53b72e0 JavaThread "build-119" [_thread_blocked, id=35640, stack(0x0000008161200000,0x0000008161300000)]
  0x000001b8f53b6470 JavaThread "build-120" [_thread_blocked, id=33060, stack(0x0000008161300000,0x0000008161400000)]
  0x000001b8f53b4c60 JavaThread "build-121" [_thread_blocked, id=34436, stack(0x0000008161400000,0x0000008161500000)]
  0x000001b8f53b3df0 JavaThread "build-122" [_thread_blocked, id=34028, stack(0x0000008161500000,0x0000008161600000)]
  0x000001b8f53b6940 JavaThread "build-123" [_thread_blocked, id=30728, stack(0x0000008161600000,0x0000008161700000)]
  0x000001b8f53b5130 JavaThread "build-124" [_thread_blocked, id=35808, stack(0x0000008161700000,0x0000008161800000)]
  0x000001b8f53b0dd0 JavaThread "build-125" [_thread_blocked, id=22536, stack(0x0000008161800000,0x0000008161900000)]
  0x000001b8f53b2ab0 JavaThread "build-126" [_thread_blocked, id=34720, stack(0x0000008161900000,0x0000008161a00000)]
  0x000001b8f53b25e0 JavaThread "build-127" [_thread_blocked, id=35736, stack(0x0000008161a00000,0x0000008161b00000)]
  0x000001b8f53b5600 JavaThread "build-128" [_thread_blocked, id=34888, stack(0x0000008161b00000,0x0000008161c00000)]
  0x000001b8f53b3920 JavaThread "build-129" [_thread_blocked, id=34656, stack(0x0000008161c00000,0x0000008161d00000)]
  0x000001b8f53b5fa0 JavaThread "build-130" [_thread_blocked, id=35032, stack(0x0000008161d00000,0x0000008161e00000)]
  0x000001b8f53b5ad0 JavaThread "build-131" [_thread_blocked, id=34492, stack(0x0000008161e00000,0x0000008161f00000)]
  0x000001b8f53b6e10 JavaThread "build-132" [_thread_blocked, id=35508, stack(0x0000008161f00000,0x0000008162000000)]
  0x000001b8f53b42c0 JavaThread "build-133" [_thread_blocked, id=35764, stack(0x0000008162000000,0x0000008162100000)]
  0x000001b8f53b0900 JavaThread "build-134" [_thread_blocked, id=32620, stack(0x0000008162100000,0x0000008162200000)]
  0x000001b8f53b12a0 JavaThread "build-135" [_thread_blocked, id=32432, stack(0x0000008162200000,0x0000008162300000)]
  0x000001b8f53b4790 JavaThread "build-136" [_thread_blocked, id=35820, stack(0x0000008162300000,0x0000008162400000)]
  0x000001b8f53b1c40 JavaThread "build-137" [_thread_blocked, id=35776, stack(0x0000008162400000,0x0000008162500000)]
  0x000001b8f53b2110 JavaThread "build-138" [_thread_blocked, id=23972, stack(0x0000008162500000,0x0000008162600000)]
  0x000001b8f53b7c80 JavaThread "build-139" [_thread_blocked, id=35656, stack(0x0000008162600000,0x0000008162700000)]
  0x000001b8f53b1770 JavaThread "build-140" [_thread_blocked, id=34212, stack(0x0000008162700000,0x0000008162800000)]
  0x000001b8f53b2f80 JavaThread "build-141" [_thread_blocked, id=34912, stack(0x0000008162800000,0x0000008162900000)]
  0x000001b8f53b0430 JavaThread "build-142" [_thread_blocked, id=35268, stack(0x0000008162900000,0x0000008162a00000)]
  0x000001b8f53b3450 JavaThread "build-143" [_thread_blocked, id=35308, stack(0x0000008162a00000,0x0000008162b00000)]
  0x000001b8f53dcbb0 JavaThread "build-144" [_thread_blocked, id=35832, stack(0x0000008162b00000,0x0000008162c00000)]
  0x000001b8f53db870 JavaThread "build-145" [_thread_blocked, id=35300, stack(0x0000008162c00000,0x0000008162d00000)]
  0x000001b8f53dbd40 JavaThread "WindowsStreamPump" daemon [_thread_in_native, id=35504, stack(0x0000008162d00000,0x0000008162e00000)]
  0x000001b8f53ded60 JavaThread "Aesh InputStream Reader" daemon [_thread_blocked, id=35664, stack(0x0000008162e00000,0x0000008162f00000)]

Other Threads:
=>0x000001b8e323a110 VMThread "VM Thread" [stack: 0x0000008158c00000,0x0000008158d00000] [id=29312]
  0x000001b8f30d9b40 WatcherThread [stack: 0x0000008159800000,0x0000008159900000] [id=9344]
  0x000001b8e0fdaca0 GCTaskThread "GC Thread#0" [stack: 0x0000008158700000,0x0000008158800000] [id=32472]
  0x000001b8f31085d0 GCTaskThread "GC Thread#1" [stack: 0x0000008159900000,0x0000008159a00000] [id=35492]
  0x000001b8e0fdd900 ConcurrentGCThread "G1 Main Marker" [stack: 0x0000008158800000,0x0000008158900000] [id=35564]
  0x000001b8e0fddfc0 ConcurrentGCThread "G1 Conc#0" [stack: 0x0000008158900000,0x0000008158a00000] [id=35164]
  0x000001b8e32178f0 ConcurrentGCThread "G1 Refine#0" [stack: 0x0000008158a00000,0x0000008158b00000] [id=11072]
  0x000001b8f333f230 ConcurrentGCThread "G1 Refine#1" [stack: 0x0000008159a00000,0x0000008159b00000] [id=35528]
  0x000001b8e3218220 ConcurrentGCThread "G1 Service" [stack: 0x0000008158b00000,0x0000008158c00000] [id=35388]

Threads with active compile tasks:

VM state: at safepoint (normal execution)

VM Mutex/Monitor currently owned by a thread:  ([mutex/lock_event])
[0x000001b8e31816a0] Threads_lock - owner thread: 0x000001b8e323a110
[0x000001b8e3182a50] Heap_lock - owner thread: 0x000001b8f53b77b0

Heap address: 0x00000000c1a00000, size: 998 MB, Compressed Oops mode: 32-bit

CDS archive(s) mapped at: [0x0000000800000000-0x0000000800bc0000-0x0000000800bc0000), size 12320768, SharedBaseAddress: 0x0000000800000000, ArchiveRelocationMode: 0.
Compressed class space mapped at: 0x0000000800c00000-0x0000000840c00000, reserved size: 1073741824
Narrow klass base: 0x0000000800000000, Narrow klass shift: 0, Narrow klass range: 0x100000000

GC Precious Log:
 CPUs: 2 total, 2 available
 Memory: 3991M
 Large Page Support: Disabled
 NUMA Support: Disabled
 Compressed Oops: Enabled (32-bit)
 Heap Region Size: 1M
 Heap Min Capacity: 8M
 Heap Initial Capacity: 64M
 Heap Max Capacity: 998M
 Pre-touch: Disabled
 Parallel Workers: 2
 Concurrent Workers: 1
 Concurrent Refinement Workers: 2
 Periodic GC: Disabled

Heap:
 garbage-first heap   total 126976K, used 59057K [0x00000000c1a00000, 0x0000000100000000)
  region size 1024K, 3 young (3072K), 3 survivors (3072K)
 Metaspace       used 28416K, committed 28864K, reserved 1081344K
  class space    used 4072K, committed 4288K, reserved 1048576K

Heap Regions: E=young(eden), S=young(survivor), O=old, HS=humongous(starts), HC=humongous(continues), CS=collection set, F=free, OA=open archive, CA=closed archive, TAMS=top-at-mark-start (previous, next)
|   0|0x00000000c1a00000, 0x00000000c1b00000, 0x00000000c1b00000|100%| O|  |TAMS 0x00000000c1b00000, 0x00000000c1b00000| Untracked 
|   1|0x00000000c1b00000, 0x00000000c1c00000, 0x00000000c1c00000|100%| O|  |TAMS 0x00000000c1c00000, 0x00000000c1c00000| Untracked 
|   2|0x00000000c1c00000, 0x00000000c1d00000, 0x00000000c1d00000|100%| O|  |TAMS 0x00000000c1d00000, 0x00000000c1d00000| Untracked 
|   3|0x00000000c1d00000, 0x00000000c1e00000, 0x00000000c1e00000|100%|HS|  |TAMS 0x00000000c1e00000, 0x00000000c1e00000| Complete 
|   4|0x00000000c1e00000, 0x00000000c1f00000, 0x00000000c1f00000|100%| O|  |TAMS 0x00000000c1f00000, 0x00000000c1f00000| Untracked 
|   5|0x00000000c1f00000, 0x00000000c2000000, 0x00000000c2000000|100%| O|  |TAMS 0x00000000c2000000, 0x00000000c2000000| Untracked 
|   6|0x00000000c2000000, 0x00000000c2100000, 0x00000000c2100000|100%| O|  |TAMS 0x00000000c2100000, 0x00000000c2100000| Untracked 
|   7|0x00000000c2100000, 0x00000000c2200000, 0x00000000c2200000|100%| O|  |TAMS 0x00000000c2200000, 0x00000000c2200000| Untracked 
|   8|0x00000000c2200000, 0x00000000c2300000, 0x00000000c2300000|100%|HS|  |TAMS 0x00000000c2300000, 0x00000000c2300000| Complete 
|   9|0x00000000c2300000, 0x00000000c2400000, 0x00000000c2400000|100%|HC|  |TAMS 0x00000000c2400000, 0x00000000c2400000| Complete 
|  10|0x00000000c2400000, 0x00000000c2500000, 0x00000000c2500000|100%| O|  |TAMS 0x00000000c2500000, 0x00000000c2500000| Untracked 
|  11|0x00000000c2500000, 0x00000000c2600000, 0x00000000c2600000|100%| O|  |TAMS 0x00000000c2600000, 0x00000000c2600000| Untracked 
|  12|0x00000000c2600000, 0x00000000c2700000, 0x00000000c2700000|100%| O|  |TAMS 0x00000000c2700000, 0x00000000c2700000| Untracked 
|  13|0x00000000c2700000, 0x00000000c2800000, 0x00000000c2800000|100%| O|  |TAMS 0x00000000c2800000, 0x00000000c2800000| Untracked 
|  14|0x00000000c2800000, 0x00000000c2900000, 0x00000000c2900000|100%| O|  |TAMS 0x00000000c2900000, 0x00000000c2900000| Untracked 
|  15|0x00000000c2900000, 0x00000000c2a00000, 0x00000000c2a00000|100%| O|  |TAMS 0x00000000c2a00000, 0x00000000c2a00000| Untracked 
|  16|0x00000000c2a00000, 0x00000000c2b00000, 0x00000000c2b00000|100%| O|  |TAMS 0x00000000c2b00000, 0x00000000c2b00000| Untracked 
|  17|0x00000000c2b00000, 0x00000000c2c00000, 0x00000000c2c00000|100%| O|  |TAMS 0x00000000c2c00000, 0x00000000c2c00000| Untracked 
|  18|0x00000000c2c00000, 0x00000000c2d00000, 0x00000000c2d00000|100%| O|  |TAMS 0x00000000c2d00000, 0x00000000c2d00000| Untracked 
|  19|0x00000000c2d00000, 0x00000000c2e00000, 0x00000000c2e00000|100%| O|  |TAMS 0x00000000c2e00000, 0x00000000c2e00000| Untracked 
|  20|0x00000000c2e00000, 0x00000000c2f00000, 0x00000000c2f00000|100%| O|  |TAMS 0x00000000c2f00000, 0x00000000c2f00000| Untracked 
|  21|0x00000000c2f00000, 0x00000000c3000000, 0x00000000c3000000|100%| O|  |TAMS 0x00000000c3000000, 0x00000000c3000000| Untracked 
|  22|0x00000000c3000000, 0x00000000c3100000, 0x00000000c3100000|100%| O|  |TAMS 0x00000000c3100000, 0x00000000c3100000| Untracked 
|  23|0x00000000c3100000, 0x00000000c3200000, 0x00000000c3200000|100%| O|  |TAMS 0x00000000c3200000, 0x00000000c3200000| Untracked 
|  24|0x00000000c3200000, 0x00000000c3300000, 0x00000000c3300000|100%| O|  |TAMS 0x00000000c3300000, 0x00000000c3300000| Untracked 
|  25|0x00000000c3300000, 0x00000000c3400000, 0x00000000c3400000|100%| O|  |TAMS 0x00000000c3400000, 0x00000000c3400000| Untracked 
|  26|0x00000000c3400000, 0x00000000c3400000, 0x00000000c3500000|  0%| F|  |TAMS 0x00000000c3400000, 0x00000000c3400000| Untracked 
|  27|0x00000000c3500000, 0x00000000c3500000, 0x00000000c3600000|  0%| F|  |TAMS 0x00000000c3500000, 0x00000000c3500000| Untracked 
|  28|0x00000000c3600000, 0x00000000c3700000, 0x00000000c3700000|100%| O|  |TAMS 0x00000000c3700000, 0x00000000c3700000| Untracked 
|  29|0x00000000c3700000, 0x00000000c3800000, 0x00000000c3800000|100%| O|  |TAMS 0x00000000c3800000, 0x00000000c3800000| Untracked 
|  30|0x00000000c3800000, 0x00000000c3900000, 0x00000000c3900000|100%| O|  |TAMS 0x00000000c3900000, 0x00000000c3900000| Untracked 
|  31|0x00000000c3900000, 0x00000000c3a00000, 0x00000000c3a00000|100%| O|  |TAMS 0x00000000c3900000, 0x00000000c3a00000| Untracked 
|  32|0x00000000c3a00000, 0x00000000c3b00000, 0x00000000c3b00000|100%|HS|  |TAMS 0x00000000c3b00000, 0x00000000c3b00000| Complete 
|  33|0x00000000c3b00000, 0x00000000c3c00000, 0x00000000c3c00000|100%| O|  |TAMS 0x00000000c3c00000, 0x00000000c3c00000| Untracked 
|  34|0x00000000c3c00000, 0x00000000c3d00000, 0x00000000c3d00000|100%| O|  |TAMS 0x00000000c3d00000, 0x00000000c3d00000| Untracked 
|  35|0x00000000c3d00000, 0x00000000c3e00000, 0x00000000c3e00000|100%| O|  |TAMS 0x00000000c3e00000, 0x00000000c3e00000| Untracked 
|  36|0x00000000c3e00000, 0x00000000c3f00000, 0x00000000c3f00000|100%| O|  |TAMS 0x00000000c3f00000, 0x00000000c3f00000| Untracked 
|  37|0x00000000c3f00000, 0x00000000c4000000, 0x00000000c4000000|100%| O|  |TAMS 0x00000000c4000000, 0x00000000c4000000| Untracked 
|  38|0x00000000c4000000, 0x00000000c4100000, 0x00000000c4100000|100%| O|  |TAMS 0x00000000c4100000, 0x00000000c4100000| Untracked 
|  39|0x00000000c4100000, 0x00000000c4200000, 0x00000000c4200000|100%| O|  |TAMS 0x00000000c4200000, 0x00000000c4200000| Untracked 
|  40|0x00000000c4200000, 0x00000000c4300000, 0x00000000c4300000|100%| O|  |TAMS 0x00000000c4300000, 0x00000000c4300000| Untracked 
|  41|0x00000000c4300000, 0x00000000c4400000, 0x00000000c4400000|100%| O|  |TAMS 0x00000000c4400000, 0x00000000c4400000| Untracked 
|  42|0x00000000c4400000, 0x00000000c4500000, 0x00000000c4500000|100%| O|  |TAMS 0x00000000c4500000, 0x00000000c4500000| Untracked 
|  43|0x00000000c4500000, 0x00000000c4600000, 0x00000000c4600000|100%| O|  |TAMS 0x00000000c4600000, 0x00000000c4600000| Untracked 
|  44|0x00000000c4600000, 0x00000000c4700000, 0x00000000c4700000|100%| O|  |TAMS 0x00000000c4700000, 0x00000000c4700000| Untracked 
|  45|0x00000000c4700000, 0x00000000c4800000, 0x00000000c4800000|100%| O|  |TAMS 0x00000000c4800000, 0x00000000c4800000| Untracked 
|  46|0x00000000c4800000, 0x00000000c4900000, 0x00000000c4900000|100%| O|  |TAMS 0x00000000c4900000, 0x00000000c4900000| Untracked 
|  47|0x00000000c4900000, 0x00000000c4a00000, 0x00000000c4a00000|100%| O|  |TAMS 0x00000000c4a00000, 0x00000000c4a00000| Untracked 
|  48|0x00000000c4a00000, 0x00000000c4b00000, 0x00000000c4b00000|100%| O|  |TAMS 0x00000000c4b00000, 0x00000000c4b00000| Untracked 
|  49|0x00000000c4b00000, 0x00000000c4c00000, 0x00000000c4c00000|100%| O|  |TAMS 0x00000000c4be4c00, 0x00000000c4c00000| Untracked 
|  50|0x00000000c4c00000, 0x00000000c4d00000, 0x00000000c4d00000|100%| O|  |TAMS 0x00000000c4c00000, 0x00000000c4d00000| Untracked 
|  51|0x00000000c4d00000, 0x00000000c4e00000, 0x00000000c4e00000|100%| O|  |TAMS 0x00000000c4d00000, 0x00000000c4e00000| Untracked 
|  52|0x00000000c4e00000, 0x00000000c4f00000, 0x00000000c4f00000|100%| O|  |TAMS 0x00000000c4e00000, 0x00000000c4f00000| Untracked 
|  53|0x00000000c4f00000, 0x00000000c5000000, 0x00000000c5000000|100%| O|  |TAMS 0x00000000c4f00000, 0x00000000c5000000| Untracked 
|  54|0x00000000c5000000, 0x00000000c5100000, 0x00000000c5100000|100%| O|  |TAMS 0x00000000c5000000, 0x00000000c5100000| Untracked 
|  55|0x00000000c5100000, 0x00000000c5200000, 0x00000000c5200000|100%| O|  |TAMS 0x00000000c5100000, 0x00000000c5200000| Untracked 
|  56|0x00000000c5200000, 0x00000000c5300000, 0x00000000c5300000|100%| O|  |TAMS 0x00000000c5200000, 0x00000000c5300000| Untracked 
|  57|0x00000000c5300000, 0x00000000c5397800, 0x00000000c5400000| 59%| O|  |TAMS 0x00000000c5300000, 0x00000000c5397800| Untracked 
|  58|0x00000000c5400000, 0x00000000c5400000, 0x00000000c5500000|  0%| F|  |TAMS 0x00000000c5400000, 0x00000000c5400000| Untracked 
|  59|0x00000000c5500000, 0x00000000c5500000, 0x00000000c5600000|  0%| F|  |TAMS 0x00000000c5500000, 0x00000000c5500000| Untracked 
|  60|0x00000000c5600000, 0x00000000c5600000, 0x00000000c5700000|  0%| F|  |TAMS 0x00000000c5600000, 0x00000000c5600000| Untracked 
|  61|0x00000000c5700000, 0x00000000c5700000, 0x00000000c5800000|  0%| F|  |TAMS 0x00000000c5700000, 0x00000000c5700000| Untracked 
|  62|0x00000000c5800000, 0x00000000c5800000, 0x00000000c5900000|  0%| F|  |TAMS 0x00000000c5800000, 0x00000000c5800000| Untracked 
|  63|0x00000000c5900000, 0x00000000c5900000, 0x00000000c5a00000|  0%| F|  |TAMS 0x00000000c5900000, 0x00000000c5900000| Untracked 
|  64|0x00000000c5a00000, 0x00000000c5a00000, 0x00000000c5b00000|  0%| F|  |TAMS 0x00000000c5a00000, 0x00000000c5a00000| Untracked 
|  65|0x00000000c5b00000, 0x00000000c5b00000, 0x00000000c5c00000|  0%| F|  |TAMS 0x00000000c5b00000, 0x00000000c5b00000| Untracked 
|  66|0x00000000c5c00000, 0x00000000c5c00000, 0x00000000c5d00000|  0%| F|  |TAMS 0x00000000c5c00000, 0x00000000c5c00000| Untracked 
|  67|0x00000000c5d00000, 0x00000000c5d00000, 0x00000000c5e00000|  0%| F|  |TAMS 0x00000000c5d00000, 0x00000000c5d00000| Untracked 
|  68|0x00000000c5e00000, 0x00000000c5e00000, 0x00000000c5f00000|  0%| F|  |TAMS 0x00000000c5e00000, 0x00000000c5e00000| Untracked 
|  69|0x00000000c5f00000, 0x00000000c5f00000, 0x00000000c6000000|  0%| F|  |TAMS 0x00000000c5f00000, 0x00000000c5f00000| Untracked 
|  70|0x00000000c6000000, 0x00000000c6000000, 0x00000000c6100000|  0%| F|  |TAMS 0x00000000c6000000, 0x00000000c6000000| Untracked 
|  71|0x00000000c6100000, 0x00000000c6100000, 0x00000000c6200000|  0%| F|  |TAMS 0x00000000c6100000, 0x00000000c6100000| Untracked 
|  72|0x00000000c6200000, 0x00000000c6200000, 0x00000000c6300000|  0%| F|  |TAMS 0x00000000c6200000, 0x00000000c6200000| Untracked 
|  73|0x00000000c6300000, 0x00000000c6300000, 0x00000000c6400000|  0%| F|  |TAMS 0x00000000c6300000, 0x00000000c6300000| Untracked 
|  74|0x00000000c6400000, 0x00000000c6400000, 0x00000000c6500000|  0%| F|  |TAMS 0x00000000c6400000, 0x00000000c6400000| Untracked 
|  75|0x00000000c6500000, 0x00000000c6500000, 0x00000000c6600000|  0%| F|  |TAMS 0x00000000c6500000, 0x00000000c6500000| Untracked 
|  76|0x00000000c6600000, 0x00000000c6600000, 0x00000000c6700000|  0%| F|  |TAMS 0x00000000c6600000, 0x00000000c6600000| Untracked 
|  77|0x00000000c6700000, 0x00000000c6700000, 0x00000000c6800000|  0%| F|  |TAMS 0x00000000c6700000, 0x00000000c6700000| Untracked 
|  78|0x00000000c6800000, 0x00000000c6800000, 0x00000000c6900000|  0%| F|  |TAMS 0x00000000c6800000, 0x00000000c6800000| Untracked 
|  79|0x00000000c6900000, 0x00000000c6914d98, 0x00000000c6a00000|  8%| S|CS|TAMS 0x00000000c6900000, 0x00000000c6900000| Complete 
|  80|0x00000000c6a00000, 0x00000000c6b00000, 0x00000000c6b00000|100%| S|CS|TAMS 0x00000000c6a00000, 0x00000000c6a00000| Complete 
|  81|0x00000000c6b00000, 0x00000000c6c00000, 0x00000000c6c00000|100%| S|CS|TAMS 0x00000000c6b00000, 0x00000000c6b00000| Complete 
|  82|0x00000000c6c00000, 0x00000000c6c00000, 0x00000000c6d00000|  0%| F|  |TAMS 0x00000000c6c00000, 0x00000000c6c00000| Untracked 
|  83|0x00000000c6d00000, 0x00000000c6d00000, 0x00000000c6e00000|  0%| F|  |TAMS 0x00000000c6d00000, 0x00000000c6d00000| Untracked 
|  84|0x00000000c6e00000, 0x00000000c6e00000, 0x00000000c6f00000|  0%| F|  |TAMS 0x00000000c6e00000, 0x00000000c6e00000| Untracked 
|  85|0x00000000c6f00000, 0x00000000c6f00000, 0x00000000c7000000|  0%| F|  |TAMS 0x00000000c6f00000, 0x00000000c6f00000| Untracked 
|  86|0x00000000c7000000, 0x00000000c7000000, 0x00000000c7100000|  0%| F|  |TAMS 0x00000000c7000000, 0x00000000c7000000| Untracked 
|  87|0x00000000c7100000, 0x00000000c7100000, 0x00000000c7200000|  0%| F|  |TAMS 0x00000000c7100000, 0x00000000c7100000| Untracked 
|  88|0x00000000c7200000, 0x00000000c7200000, 0x00000000c7300000|  0%| F|  |TAMS 0x00000000c7200000, 0x00000000c7200000| Untracked 
|  89|0x00000000c7300000, 0x00000000c7300000, 0x00000000c7400000|  0%| F|  |TAMS 0x00000000c7300000, 0x00000000c7300000| Untracked 
|  90|0x00000000c7400000, 0x00000000c7400000, 0x00000000c7500000|  0%| F|  |TAMS 0x00000000c7400000, 0x00000000c7400000| Untracked 
|  91|0x00000000c7500000, 0x00000000c7500000, 0x00000000c7600000|  0%| F|  |TAMS 0x00000000c7500000, 0x00000000c7500000| Untracked 
|  92|0x00000000c7600000, 0x00000000c7600000, 0x00000000c7700000|  0%| F|  |TAMS 0x00000000c7600000, 0x00000000c7600000| Untracked 
|  93|0x00000000c7700000, 0x00000000c7700000, 0x00000000c7800000|  0%| F|  |TAMS 0x00000000c7700000, 0x00000000c7700000| Untracked 
|  94|0x00000000c7800000, 0x00000000c7800000, 0x00000000c7900000|  0%| F|  |TAMS 0x00000000c7800000, 0x00000000c7800000| Untracked 
|  95|0x00000000c7900000, 0x00000000c7900000, 0x00000000c7a00000|  0%| F|  |TAMS 0x00000000c7900000, 0x00000000c7900000| Untracked 
|  96|0x00000000c7a00000, 0x00000000c7a00000, 0x00000000c7b00000|  0%| F|  |TAMS 0x00000000c7a00000, 0x00000000c7a00000| Untracked 
|  97|0x00000000c7b00000, 0x00000000c7b00000, 0x00000000c7c00000|  0%| F|  |TAMS 0x00000000c7b00000, 0x00000000c7b00000| Untracked 
|  98|0x00000000c7c00000, 0x00000000c7c00000, 0x00000000c7d00000|  0%| F|  |TAMS 0x00000000c7c00000, 0x00000000c7c00000| Untracked 
|  99|0x00000000c7d00000, 0x00000000c7d00000, 0x00000000c7e00000|  0%| F|  |TAMS 0x00000000c7d00000, 0x00000000c7d00000| Untracked 
| 100|0x00000000c7e00000, 0x00000000c7e00000, 0x00000000c7f00000|  0%| F|  |TAMS 0x00000000c7e00000, 0x00000000c7e00000| Untracked 
| 101|0x00000000c7f00000, 0x00000000c7f00000, 0x00000000c8000000|  0%| F|  |TAMS 0x00000000c7f00000, 0x00000000c7f00000| Untracked 
| 102|0x00000000c8000000, 0x00000000c8000000, 0x00000000c8100000|  0%| F|  |TAMS 0x00000000c8000000, 0x00000000c8000000| Untracked 
| 103|0x00000000c8100000, 0x00000000c8100000, 0x00000000c8200000|  0%| F|  |TAMS 0x00000000c8100000, 0x00000000c8100000| Untracked 
| 104|0x00000000c8200000, 0x00000000c8200000, 0x00000000c8300000|  0%| F|  |TAMS 0x00000000c8200000, 0x00000000c8200000| Untracked 
| 105|0x00000000c8300000, 0x00000000c8300000, 0x00000000c8400000|  0%| F|  |TAMS 0x00000000c8300000, 0x00000000c8300000| Untracked 
| 106|0x00000000c8400000, 0x00000000c8400000, 0x00000000c8500000|  0%| F|  |TAMS 0x00000000c8400000, 0x00000000c8400000| Untracked 
| 107|0x00000000c8500000, 0x00000000c8500000, 0x00000000c8600000|  0%| F|  |TAMS 0x00000000c8500000, 0x00000000c8500000| Untracked 
| 108|0x00000000c8600000, 0x00000000c8600000, 0x00000000c8700000|  0%| F|  |TAMS 0x00000000c8600000, 0x00000000c8600000| Untracked 
| 109|0x00000000c8700000, 0x00000000c8700000, 0x00000000c8800000|  0%| F|  |TAMS 0x00000000c8700000, 0x00000000c8700000| Untracked 
| 110|0x00000000c8800000, 0x00000000c8800000, 0x00000000c8900000|  0%| F|  |TAMS 0x00000000c8800000, 0x00000000c8800000| Untracked 
| 111|0x00000000c8900000, 0x00000000c8900000, 0x00000000c8a00000|  0%| F|  |TAMS 0x00000000c8900000, 0x00000000c8900000| Untracked 
| 112|0x00000000c8a00000, 0x00000000c8a00000, 0x00000000c8b00000|  0%| F|  |TAMS 0x00000000c8a00000, 0x00000000c8a00000| Untracked 
| 113|0x00000000c8b00000, 0x00000000c8b00000, 0x00000000c8c00000|  0%| F|  |TAMS 0x00000000c8b00000, 0x00000000c8b00000| Untracked 
| 114|0x00000000c8c00000, 0x00000000c8c00000, 0x00000000c8d00000|  0%| F|  |TAMS 0x00000000c8c00000, 0x00000000c8c00000| Untracked 
| 115|0x00000000c8d00000, 0x00000000c8d00000, 0x00000000c8e00000|  0%| F|  |TAMS 0x00000000c8d00000, 0x00000000c8d00000| Untracked 
| 116|0x00000000c8e00000, 0x00000000c8e00000, 0x00000000c8f00000|  0%| F|  |TAMS 0x00000000c8e00000, 0x00000000c8e00000| Untracked 
| 117|0x00000000c8f00000, 0x00000000c8f00000, 0x00000000c9000000|  0%| F|  |TAMS 0x00000000c8f00000, 0x00000000c8f00000| Untracked 
| 118|0x00000000c9000000, 0x00000000c9000000, 0x00000000c9100000|  0%| F|  |TAMS 0x00000000c9000000, 0x00000000c9000000| Untracked 
| 119|0x00000000c9100000, 0x00000000c9100000, 0x00000000c9200000|  0%| F|  |TAMS 0x00000000c9100000, 0x00000000c9100000| Untracked 
| 120|0x00000000c9200000, 0x00000000c9200000, 0x00000000c9300000|  0%| F|  |TAMS 0x00000000c9200000, 0x00000000c9200000| Untracked 
| 121|0x00000000c9300000, 0x00000000c9300000, 0x00000000c9400000|  0%| F|  |TAMS 0x00000000c9300000, 0x00000000c9300000| Untracked 
| 122|0x00000000c9400000, 0x00000000c9400000, 0x00000000c9500000|  0%| F|  |TAMS 0x00000000c9400000, 0x00000000c9400000| Untracked 
| 123|0x00000000c9500000, 0x00000000c9500000, 0x00000000c9600000|  0%| F|  |TAMS 0x00000000c9500000, 0x00000000c9500000| Untracked 

Card table byte_map: [0x000001b8e2d80000,0x000001b8e2f80000] _byte_map_base: 0x000001b8e2773000

Marking Bits (Prev, Next): (CMBitMap*) 0x000001b8e0fdb100, (CMBitMap*) 0x000001b8e0fdb0c0
 Prev Bits: [0x000001b8eee20000, 0x000001b8efdb8000)
 Next Bits: [0x000001b8ede80000, 0x000001b8eee18000)

Polling page: 0x000001b8e10f0000

Metaspace:

Usage:
  Non-class:     23.77 MB used.
      Class:      3.98 MB used.
       Both:     27.75 MB used.

Virtual space:
  Non-class space:       32.00 MB reserved,      24.00 MB ( 75%) committed,  4 nodes.
      Class space:        1.00 GB reserved,       4.19 MB ( <1%) committed,  1 nodes.
             Both:        1.03 GB reserved,      28.19 MB (  3%) committed. 

Chunk freelists:
   Non-Class:  3.14 MB
       Class:  3.77 MB
        Both:  6.91 MB

MaxMetaspaceSize: unlimited
CompressedClassSpaceSize: 1.00 GB
Initial GC threshold: 21.00 MB
Current GC threshold: 35.56 MB
CDS: on
MetaspaceReclaimPolicy: balanced
 - commit_granule_bytes: 65536.
 - commit_granule_words: 8192.
 - virtual_space_node_default_size: 1048576.
 - enlarge_chunks_in_place: 1.
 - new_chunks_are_fully_committed: 0.
 - uncommit_free_chunks: 1.
 - use_allocation_guard: 0.
 - handle_deallocations: 1.


Internal statistics:

num_allocs_failed_limit: 3.
num_arena_births: 536.
num_arena_deaths: 0.
num_vsnodes_births: 5.
num_vsnodes_deaths: 0.
num_space_committed: 451.
num_space_uncommitted: 0.
num_chunks_returned_to_freelist: 3.
num_chunks_taken_from_freelist: 1762.
num_chunk_merges: 3.
num_chunk_splits: 1084.
num_chunks_enlarged: 652.
num_purges: 0.
num_inconsistent_stats: 0.

CodeCache: size=49152Kb used=9882Kb max_used=9882Kb free=39269Kb
 bounds [0x000001b8eac80000, 0x000001b8eb630000, 0x000001b8edc80000]
 total_blobs=5496 nmethods=4963 adapters=460
 compilation: enabled
              stopped_count=0, restarted_count=0
 full_count=0

Compilation events (20 events):
Event: 23.225 Thread 0x000001b8f338d8a0 5008       1       java.util.regex.Pattern$BranchConn::study (5 bytes)
Event: 23.225 Thread 0x000001b8e32571a0 5009       1       java.util.regex.Pattern$Node::match (27 bytes)
Event: 23.225 Thread 0x000001b8f338d8a0 nmethod 5008 0x000001b8eb624190 code [0x000001b8eb624320, 0x000001b8eb6243f8]
Event: 23.226 Thread 0x000001b8e32571a0 nmethod 5009 0x000001b8eb624490 code [0x000001b8eb624620, 0x000001b8eb624718]
Event: 23.229 Thread 0x000001b8f338d8a0 5010       1       io.smallrye.config.Converters$OptionalConverter::convert (6 bytes)
Event: 23.230 Thread 0x000001b8e32571a0 5011   !   1       io.smallrye.config.Converters$OptionalConverter::convert (40 bytes)
Event: 23.230 Thread 0x000001b8f338d8a0 nmethod 5010 0x000001b8eb624810 code [0x000001b8eb6249a0, 0x000001b8eb624a88]
Event: 23.230 Thread 0x000001b8e32571a0 nmethod 5011 0x000001b8eb624b10 code [0x000001b8eb624ce0, 0x000001b8eb625038]
Event: 23.264 Thread 0x000001b8e32571a0 5012       1       net.bytebuddy.description.type.TypeDescription$ForLoadedType::getName (8 bytes)
Event: 23.264 Thread 0x000001b8f338d8a0 5013       1       net.bytebuddy.description.type.TypeDescription$ForLoadedType::getName (28 bytes)
Event: 23.265 Thread 0x000001b8e32571a0 nmethod 5012 0x000001b8eb625210 code [0x000001b8eb6253c0, 0x000001b8eb625528]
Event: 23.265 Thread 0x000001b8f338d8a0 nmethod 5013 0x000001b8eb625690 code [0x000001b8eb625840, 0x000001b8eb6259d8]
Event: 23.267 Thread 0x000001b8e32571a0 5014       1       java.lang.WeakPairMap$Pair::equals (34 bytes)
Event: 23.268 Thread 0x000001b8e32571a0 nmethod 5014 0x000001b8eb625b10 code [0x000001b8eb625cc0, 0x000001b8eb625e18]
Event: 23.270 Thread 0x000001b8e32571a0 5015       1       net.bytebuddy.description.type.TypeDescription$ForLoadedType::represents (22 bytes)
Event: 23.270 Thread 0x000001b8e32571a0 nmethod 5015 0x000001b8eb625f10 code [0x000001b8eb6260c0, 0x000001b8eb6261f8]
Event: 23.275 Thread 0x000001b8f338d8a0 5016       1       net.bytebuddy.jar.asm.ClassReader::readUnsignedShort (26 bytes)
Event: 23.275 Thread 0x000001b8f338d8a0 nmethod 5016 0x000001b8eb626310 code [0x000001b8eb6264a0, 0x000001b8eb6265d8]
Event: 23.275 Thread 0x000001b8f338d8a0 5017       1       net.bytebuddy.description.type.TypeDescription$Generic$AbstractBase::<init> (5 bytes)
Event: 23.275 Thread 0x000001b8f338d8a0 nmethod 5017 0x000001b8eb626690 code [0x000001b8eb626820, 0x000001b8eb6268d8]

GC Heap History (20 events):
Event: 7.565 GC heap after
{Heap after GC invocations=6 (full 0):
 garbage-first heap   total 65536K, used 30634K [0x00000000c1a00000, 0x0000000100000000)
  region size 1024K, 2 young (2048K), 2 survivors (2048K)
 Metaspace       used 3282K, committed 3520K, reserved 1056768K
  class space    used 397K, committed 512K, reserved 1048576K
}
Event: 7.722 GC heap before
{Heap before GC invocations=6 (full 0):
 garbage-first heap   total 65536K, used 42922K [0x00000000c1a00000, 0x0000000100000000)
  region size 1024K, 14 young (14336K), 2 survivors (2048K)
 Metaspace       used 3282K, committed 3520K, reserved 1056768K
  class space    used 397K, committed 512K, reserved 1048576K
}
Event: 7.752 GC heap after
{Heap after GC invocations=7 (full 0):
 garbage-first heap   total 126976K, used 33792K [0x00000000c1a00000, 0x0000000100000000)
  region size 1024K, 2 young (2048K), 2 survivors (2048K)
 Metaspace       used 3282K, committed 3520K, reserved 1056768K
  class space    used 397K, committed 512K, reserved 1048576K
}
Event: 9.493 GC heap before
{Heap before GC invocations=7 (full 0):
 garbage-first heap   total 126976K, used 64512K [0x00000000c1a00000, 0x0000000100000000)
  region size 1024K, 30 young (30720K), 2 survivors (2048K)
 Metaspace       used 5844K, committed 6144K, reserved 1056768K
  class space    used 742K, committed 896K, reserved 1048576K
}
Event: 9.529 GC heap after
{Heap after GC invocations=8 (full 0):
 garbage-first heap   total 126976K, used 44032K [0x00000000c1a00000, 0x0000000100000000)
  region size 1024K, 4 young (4096K), 4 survivors (4096K)
 Metaspace       used 5844K, committed 6144K, reserved 1056768K
  class space    used 742K, committed 896K, reserved 1048576K
}
Event: 13.066 GC heap before
{Heap before GC invocations=8 (full 0):
 garbage-first heap   total 126976K, used 77824K [0x00000000c1a00000, 0x0000000100000000)
  region size 1024K, 37 young (37888K), 4 survivors (4096K)
 Metaspace       used 10186K, committed 10432K, reserved 1064960K
  class space    used 1301K, committed 1408K, reserved 1048576K
}
Event: 13.090 GC heap after
{Heap after GC invocations=9 (full 0):
 garbage-first heap   total 126976K, used 46755K [0x00000000c1a00000, 0x0000000100000000)
  region size 1024K, 3 young (3072K), 3 survivors (3072K)
 Metaspace       used 10186K, committed 10432K, reserved 1064960K
  class space    used 1301K, committed 1408K, reserved 1048576K
}
Event: 14.890 GC heap before
{Heap before GC invocations=9 (full 0):
 garbage-first heap   total 126976K, used 82595K [0x00000000c1a00000, 0x0000000100000000)
  region size 1024K, 38 young (38912K), 3 survivors (3072K)
 Metaspace       used 13052K, committed 13376K, reserved 1064960K
  class space    used 1784K, committed 1920K, reserved 1048576K
}
Event: 14.912 GC heap after
{Heap after GC invocations=10 (full 0):
 garbage-first heap   total 126976K, used 50013K [0x00000000c1a00000, 0x0000000100000000)
  region size 1024K, 5 young (5120K), 5 survivors (5120K)
 Metaspace       used 13052K, committed 13376K, reserved 1064960K
  class space    used 1784K, committed 1920K, reserved 1048576K
}
Event: 15.509 GC heap before
{Heap before GC invocations=10 (full 0):
 garbage-first heap   total 126976K, used 88925K [0x00000000c1a00000, 0x0000000100000000)
  region size 1024K, 44 young (45056K), 5 survivors (5120K)
 Metaspace       used 15921K, committed 16256K, reserved 1064960K
  class space    used 2175K, committed 2304K, reserved 1048576K
}
Event: 15.532 GC heap after
{Heap after GC invocations=11 (full 0):
 garbage-first heap   total 126976K, used 52966K [0x00000000c1a00000, 0x0000000100000000)
  region size 1024K, 6 young (6144K), 6 survivors (6144K)
 Metaspace       used 15921K, committed 16256K, reserved 1064960K
  class space    used 2175K, committed 2304K, reserved 1048576K
}
Event: 18.268 GC heap before
{Heap before GC invocations=11 (full 0):
 garbage-first heap   total 126976K, used 91878K [0x00000000c1a00000, 0x0000000100000000)
  region size 1024K, 45 young (46080K), 6 survivors (6144K)
 Metaspace       used 19581K, committed 19904K, reserved 1073152K
  class space    used 2601K, committed 2752K, reserved 1048576K
}
Event: 18.299 GC heap after
{Heap after GC invocations=12 (full 0):
 garbage-first heap   total 126976K, used 57235K [0x00000000c1a00000, 0x0000000100000000)
  region size 1024K, 6 young (6144K), 6 survivors (6144K)
 Metaspace       used 19581K, committed 19904K, reserved 1073152K
  class space    used 2601K, committed 2752K, reserved 1048576K
}
Event: 19.188 GC heap before
{Heap before GC invocations=12 (full 0):
 garbage-first heap   total 126976K, used 81811K [0x00000000c1a00000, 0x0000000100000000)
  region size 1024K, 32 young (32768K), 6 survivors (6144K)
 Metaspace       used 21208K, committed 21504K, reserved 1073152K
  class space    used 2844K, committed 3008K, reserved 1048576K
}
Event: 19.217 GC heap after
{Heap after GC invocations=13 (full 0):
 garbage-first heap   total 126976K, used 58805K [0x00000000c1a00000, 0x0000000100000000)
  region size 1024K, 2 young (2048K), 2 survivors (2048K)
 Metaspace       used 21208K, committed 21504K, reserved 1073152K
  class space    used 2844K, committed 3008K, reserved 1048576K
}
Event: 21.311 GC heap before
{Heap before GC invocations=14 (full 0):
 garbage-first heap   total 126976K, used 95669K [0x00000000c1a00000, 0x0000000100000000)
  region size 1024K, 40 young (40960K), 2 survivors (2048K)
 Metaspace       used 23639K, committed 24000K, reserved 1073152K
  class space    used 3180K, committed 3392K, reserved 1048576K
}
Event: 21.324 GC heap after
{Heap after GC invocations=15 (full 0):
 garbage-first heap   total 126976K, used 59057K [0x00000000c1a00000, 0x0000000100000000)
  region size 1024K, 4 young (4096K), 4 survivors (4096K)
 Metaspace       used 23639K, committed 24000K, reserved 1073152K
  class space    used 3180K, committed 3392K, reserved 1048576K
}
Event: 21.346 GC heap before
{Heap before GC invocations=15 (full 0):
 garbage-first heap   total 126976K, used 61105K [0x00000000c1a00000, 0x0000000100000000)
  region size 1024K, 6 young (6144K), 4 survivors (4096K)
 Metaspace       used 23753K, committed 24128K, reserved 1073152K
  class space    used 3194K, committed 3392K, reserved 1048576K
}
Event: 21.362 GC heap after
{Heap after GC invocations=16 (full 0):
 garbage-first heap   total 126976K, used 57513K [0x00000000c1a00000, 0x0000000100000000)
  region size 1024K, 1 young (1024K), 1 survivors (1024K)
 Metaspace       used 23753K, committed 24128K, reserved 1073152K
  class space    used 3194K, committed 3392K, reserved 1048576K
}
Event: 23.299 GC heap before
{Heap before GC invocations=16 (full 0):
 garbage-first heap   total 126976K, used 98473K [0x00000000c1a00000, 0x0000000100000000)
  region size 1024K, 42 young (43008K), 1 survivors (1024K)
 Metaspace       used 28416K, committed 28864K, reserved 1081344K
  class space    used 4072K, committed 4288K, reserved 1048576K
}

Dll operation events (12 events):
Event: 0.032 Loaded shared library C:\Program Files\Eclipse Adoptium\jdk-17.0.6.10-hotspot\bin\java.dll
Event: 0.329 Loaded shared library C:\Program Files\Eclipse Adoptium\jdk-17.0.6.10-hotspot\bin\jsvml.dll
Event: 0.918 Loaded shared library C:\Program Files\Eclipse Adoptium\jdk-17.0.6.10-hotspot\bin\zip.dll
Event: 0.928 Loaded shared library C:\Program Files\Eclipse Adoptium\jdk-17.0.6.10-hotspot\bin\instrument.dll
Event: 0.973 Loaded shared library C:\Program Files\Eclipse Adoptium\jdk-17.0.6.10-hotspot\bin\net.dll
Event: 0.976 Loaded shared library C:\Program Files\Eclipse Adoptium\jdk-17.0.6.10-hotspot\bin\nio.dll
Event: 0.985 Loaded shared library C:\Program Files\Eclipse Adoptium\jdk-17.0.6.10-hotspot\bin\zip.dll
Event: 2.265 Loaded shared library C:\Program Files\Eclipse Adoptium\jdk-17.0.6.10-hotspot\bin\jimage.dll
Event: 8.543 Loaded shared library C:\Program Files\Eclipse Adoptium\jdk-17.0.6.10-hotspot\bin\management.dll
Event: 8.564 Loaded shared library C:\Program Files\Eclipse Adoptium\jdk-17.0.6.10-hotspot\bin\management_ext.dll
Event: 8.972 Loaded shared library C:\Program Files\Eclipse Adoptium\jdk-17.0.6.10-hotspot\bin\verify.dll
Event: 16.150 Loaded shared library C:\Users\IVONETE\AppData\Local\Temp\jansi-2.4.0-211ddd4e5cae854a-jansi.dll

Deoptimization events (2 events):
Event: 13.514 Thread 0x000001b8e31933b0 DEOPT PACKING pc=0x000001b8eb242019 sp=0x00000081586fd920
Event: 13.514 Thread 0x000001b8e31933b0 DEOPT UNPACKING pc=0x000001b8eacd7124 sp=0x00000081586fce00 mode 3

Classes unloaded (0 events):
No events

Classes redefined (0 events):
No events

Internal exceptions (20 events):
Event: 21.674 Thread 0x000001b8f4488550 Exception <a 'java/lang/ClassNotFoundException'{0x00000000c86d2e30}: java/lang/ObjectCustomizer> (0x00000000c86d2e30) 
thrown [s\src\hotspot\share\classfile\systemDictionary.cpp, line 256]
Event: 21.812 Thread 0x000001b8f4488550 Exception <a 'java/lang/ClassNotFoundException'{0x00000000c84d9e58}: io/smallrye/openapi/api/models/ExtensibleImplCustomizer> (0x00000000c84d9e58) 
thrown [s\src\hotspot\share\classfile\systemDictionary.cpp, line 256]
Event: 21.816 Thread 0x000001b8f4488550 Exception <a 'java/lang/ClassNotFoundException'{0x00000000c84e7108}: io/smallrye/openapi/api/models/media/SchemaImplCustomizer> (0x00000000c84e7108) 
thrown [s\src\hotspot\share\classfile\systemDictionary.cpp, line 256]
Event: 21.870 Thread 0x000001b8f5372a00 Exception <a 'java/lang/reflect/InvocationTargetException'{0x00000000c83a4a80}> (0x00000000c83a4a80) 
thrown [s\src\hotspot\share\runtime\reflection.cpp, line 1121]
Event: 21.932 Thread 0x000001b8f4488550 Exception <a 'java/lang/NoSuchMethodError'{0x00000000c81ba0e0}: 'int java.lang.invoke.DirectMethodHandle$Holder.invokeSpecial(java.lang.Object, java.lang.Object, java.lang.Object, java.lang.Object, java.lang.Object)'> (0x00000000c81ba0e0) 
thrown [s\src\hotspot\share\interpreter\linkResolver.cpp, line 759]
Event: 22.054 Thread 0x000001b8f4488550 Exception <a 'java/lang/ClassNotFoundException'{0x00000000c7f1d5f8}: io/smallrye/openapi/api/models/PathItemImplBeanInfo> (0x00000000c7f1d5f8) 
thrown [s\src\hotspot\share\classfile\systemDictionary.cpp, line 256]
Event: 22.055 Thread 0x000001b8f4488550 Exception <a 'java/lang/ClassNotFoundException'{0x00000000c7f22f68}: io/smallrye/openapi/api/models/PathItemImplCustomizer> (0x00000000c7f22f68) 
thrown [s\src\hotspot\share\classfile\systemDictionary.cpp, line 256]
Event: 22.487 Thread 0x000001b8f53b4c60 Exception <a 'java/lang/NoSuchMethodError'{0x00000000c77cfc88}: 'java.lang.Object java.lang.invoke.DirectMethodHandle$Holder.invokeStaticInit(java.lang.Object, int, int, int, int)'> (0x00000000c77cfc88) 
thrown [s\src\hotspot\share\interpreter\linkResolver.cpp, line 759]
Event: 22.766 Thread 0x000001b8f4488550 Exception <a 'java/lang/IncompatibleClassChangeError'{0x00000000c72a17c8}: Found class java.lang.Object, but interface was expected> (0x00000000c72a17c8) 
thrown [s\src\hotspot\share\interpreter\linkResolver.cpp, line 826]
Event: 22.767 Thread 0x000001b8f4488550 Exception <a 'java/lang/IncompatibleClassChangeError'{0x00000000c72b1eb0}: Found class java.lang.Object, but interface was expected> (0x00000000c72b1eb0) 
thrown [s\src\hotspot\share\interpreter\linkResolver.cpp, line 826]
Event: 22.769 Thread 0x000001b8f4488550 Exception <a 'java/lang/IncompatibleClassChangeError'{0x00000000c72c0d20}: Found class java.lang.Object, but interface was expected> (0x00000000c72c0d20) 
thrown [s\src\hotspot\share\interpreter\linkResolver.cpp, line 826]
Event: 22.770 Thread 0x000001b8f4488550 Exception <a 'java/lang/IncompatibleClassChangeError'{0x00000000c72cac38}: Found class java.lang.Object, but interface was expected> (0x00000000c72cac38) 
thrown [s\src\hotspot\share\interpreter\linkResolver.cpp, line 826]
Event: 22.771 Thread 0x000001b8f4488550 Exception <a 'java/lang/IncompatibleClassChangeError'{0x00000000c72d4cd8}: Found class java.lang.Object, but interface was expected> (0x00000000c72d4cd8) 
thrown [s\src\hotspot\share\interpreter\linkResolver.cpp, line 826]
Event: 22.772 Thread 0x000001b8f4488550 Exception <a 'java/lang/IncompatibleClassChangeError'{0x00000000c72ded90}: Found class java.lang.Object, but interface was expected> (0x00000000c72ded90) 
thrown [s\src\hotspot\share\interpreter\linkResolver.cpp, line 826]
Event: 22.774 Thread 0x000001b8f4488550 Exception <a 'java/lang/IncompatibleClassChangeError'{0x00000000c72e8cd0}: Found class java.lang.Object, but interface was expected> (0x00000000c72e8cd0) 
thrown [s\src\hotspot\share\interpreter\linkResolver.cpp, line 826]
Event: 22.947 Thread 0x000001b8f4488550 Exception <a 'java/lang/IncompatibleClassChangeError'{0x00000000c7016ff8}: Found class java.lang.Object, but interface was expected> (0x00000000c7016ff8) 
thrown [s\src\hotspot\share\interpreter\linkResolver.cpp, line 826]
Event: 22.950 Thread 0x000001b8f4488550 Exception <a 'java/lang/IncompatibleClassChangeError'{0x00000000c7020fe8}: Found class java.lang.Object, but interface was expected> (0x00000000c7020fe8) 
thrown [s\src\hotspot\share\interpreter\linkResolver.cpp, line 826]
Event: 23.034 Thread 0x000001b8f4488550 Exception <a 'java/lang/IncompatibleClassChangeError'{0x00000000c7076848}: Found class java.lang.Object, but interface was expected> (0x00000000c7076848) 
thrown [s\src\hotspot\share\interpreter\linkResolver.cpp, line 826]
Event: 23.123 Thread 0x000001b8f4488550 Exception <a 'java/lang/IncompatibleClassChangeError'{0x00000000c6f81048}: Found class java.lang.Object, but interface was expected> (0x00000000c6f81048) 
thrown [s\src\hotspot\share\interpreter\linkResolver.cpp, line 826]
Event: 23.227 Thread 0x000001b8f4488550 Exception <a 'java/lang/IncompatibleClassChangeError'{0x00000000c6db4118}: Found class java.lang.Object, but interface was expected> (0x00000000c6db4118) 
thrown [s\src\hotspot\share\interpreter\linkResolver.cpp, line 826]

VM Operations (20 events):
Event: 19.311 Executing VM operation: HandshakeAllThreads done
Event: 19.348 Executing VM operation: G1Concurrent
Event: 19.355 Executing VM operation: G1Concurrent done
Event: 19.464 Executing VM operation: G1Concurrent
Event: 19.464 Executing VM operation: G1Concurrent done
Event: 20.467 Executing VM operation: Cleanup
Event: 20.525 Executing VM operation: Cleanup done
Event: 20.942 Executing VM operation: HandshakeAllThreads
Event: 20.944 Executing VM operation: HandshakeAllThreads done
Event: 21.297 Executing VM operation: G1CollectForAllocation
Event: 21.326 Executing VM operation: G1CollectForAllocation done
Event: 21.346 Executing VM operation: G1CollectForAllocation
Event: 21.363 Executing VM operation: G1CollectForAllocation done
Event: 21.566 Executing VM operation: HandshakeAllThreads
Event: 21.584 Executing VM operation: HandshakeAllThreads done
Event: 22.598 Executing VM operation: Cleanup
Event: 22.644 Executing VM operation: Cleanup done
Event: 23.155 Executing VM operation: HandshakeAllThreads
Event: 23.155 Executing VM operation: HandshakeAllThreads done
Event: 23.283 Executing VM operation: G1CollectForAllocation

Events (20 events):
Event: 22.487 loading class java/security/DrbgParameters$NextBytes
Event: 22.488 loading class java/security/DrbgParameters$NextBytes done
Event: 22.488 loading class sun/security/provider/AbstractDrbg$SeederHolder
Event: 22.488 loading class sun/security/provider/AbstractDrbg$SeederHolder done
Event: 22.488 loading class sun/security/provider/SeedGenerator
Event: 22.490 loading class sun/security/provider/SeedGenerator done
Event: 22.490 loading class sun/security/provider/NativeSeedGenerator
Event: 22.490 loading class sun/security/provider/NativeSeedGenerator done
Event: 22.512 loading class sun/security/provider/SeedGenerator$1
Event: 22.512 loading class sun/security/provider/SeedGenerator$1 done
Event: 22.651 loading class java/net/URLClassLoader
Event: 22.654 loading class java/net/URLClassLoader done
Event: 22.905 loading class java/net/NetworkInterface$1
Event: 22.908 loading class java/net/NetworkInterface$1 done
Event: 23.207 loading class java/util/regex/Pattern$LookBehindEndNode
Event: 23.209 loading class java/util/regex/Pattern$LookBehindEndNode done
Event: 23.209 loading class java/util/regex/Pattern$Behind
Event: 23.210 loading class java/util/regex/Pattern$Behind done
Event: 23.210 loading class java/util/regex/Pattern$Pos
Event: 23.210 loading class java/util/regex/Pattern$Pos done


Dynamic libraries:
0x00007ff7f1910000 - 0x00007ff7f191e000 	C:\Program Files\Eclipse Adoptium\jdk-17.0.6.10-hotspot\bin\java.EXE
0x00007ffad4470000 - 0x00007ffad4668000 	C:\WINDOWS\SYSTEM32\ntdll.dll
0x00007ffad34d0000 - 0x00007ffad358f000 	C:\WINDOWS\System32\KERNEL32.DLL
0x00007ffad2010000 - 0x00007ffad2306000 	C:\WINDOWS\System32\KERNELBASE.dll
0x00007ffad1f10000 - 0x00007ffad2010000 	C:\WINDOWS\System32\ucrtbase.dll
0x00007ffacd5c0000 - 0x00007ffacd5d7000 	C:\Program Files\Eclipse Adoptium\jdk-17.0.6.10-hotspot\bin\jli.dll
0x00007ffad3330000 - 0x00007ffad34cd000 	C:\WINDOWS\System32\USER32.dll
0x00007ffad1eb0000 - 0x00007ffad1ed2000 	C:\WINDOWS\System32\win32u.dll
0x00007ffad27e0000 - 0x00007ffad280c000 	C:\WINDOWS\System32\GDI32.dll
0x00007ffad2310000 - 0x00007ffad2425000 	C:\WINDOWS\System32\gdi32full.dll
0x00007ffad1dc0000 - 0x00007ffad1e5d000 	C:\WINDOWS\System32\msvcp_win.dll
0x00007ffaca5b0000 - 0x00007ffaca5c9000 	C:\Program Files\Eclipse Adoptium\jdk-17.0.6.10-hotspot\bin\VCRUNTIME140.dll
0x00007ffab9150000 - 0x00007ffab93ea000 	C:\WINDOWS\WinSxS\amd64_microsoft.windows.common-controls_6595b64144ccf1df_6.0.19041.1110_none_60b5254171f9507e\COMCTL32.dll
0x00007ffad40e0000 - 0x00007ffad417e000 	C:\WINDOWS\System32\msvcrt.dll
0x00007ffad27b0000 - 0x00007ffad27e0000 	C:\WINDOWS\System32\IMM32.DLL
0x00007ffaca5a0000 - 0x00007ffaca5ac000 	C:\Program Files\Eclipse Adoptium\jdk-17.0.6.10-hotspot\bin\vcruntime140_1.dll
0x00007ffa9e970000 - 0x00007ffa9ea01000 	C:\Program Files\Eclipse Adoptium\jdk-17.0.6.10-hotspot\bin\msvcp140.dll
0x00007ffa7e2b0000 - 0x00007ffa7eef7000 	C:\Program Files\Eclipse Adoptium\jdk-17.0.6.10-hotspot\bin\server\jvm.dll
0x00007ffad4030000 - 0x00007ffad40df000 	C:\WINDOWS\System32\ADVAPI32.dll
0x00007ffad42a0000 - 0x00007ffad433c000 	C:\WINDOWS\System32\sechost.dll
0x00007ffad2820000 - 0x00007ffad2946000 	C:\WINDOWS\System32\RPCRT4.dll
0x00007ffac0c60000 - 0x00007ffac0c69000 	C:\WINDOWS\SYSTEM32\WSOCK32.dll
0x00007ffad43a0000 - 0x00007ffad440b000 	C:\WINDOWS\System32\WS2_32.dll
0x00007ffab4670000 - 0x00007ffab4697000 	C:\WINDOWS\SYSTEM32\WINMM.dll
0x00007ffac0d90000 - 0x00007ffac0d9a000 	C:\WINDOWS\SYSTEM32\VERSION.dll
0x00007ffacfa30000 - 0x00007ffacfa42000 	C:\WINDOWS\SYSTEM32\kernel.appcore.dll
0x00007ffaca590000 - 0x00007ffaca59a000 	C:\Program Files\Eclipse Adoptium\jdk-17.0.6.10-hotspot\bin\jimage.dll
0x00007ffabfa40000 - 0x00007ffabfc24000 	C:\WINDOWS\SYSTEM32\DBGHELP.DLL
0x00007ffabe360000 - 0x00007ffabe394000 	C:\WINDOWS\SYSTEM32\dbgcore.DLL
0x00007ffad24a0000 - 0x00007ffad2522000 	C:\WINDOWS\System32\bcryptPrimitives.dll
0x00007ffabd930000 - 0x00007ffabd93e000 	C:\Program Files\Eclipse Adoptium\jdk-17.0.6.10-hotspot\bin\instrument.dll
0x00007ffabe320000 - 0x00007ffabe345000 	C:\Program Files\Eclipse Adoptium\jdk-17.0.6.10-hotspot\bin\java.dll
0x00007ffa9c990000 - 0x00007ffa9ca66000 	C:\Program Files\Eclipse Adoptium\jdk-17.0.6.10-hotspot\bin\jsvml.dll
0x00007ffad3590000 - 0x00007ffad3cd4000 	C:\WINDOWS\System32\SHELL32.dll
0x00007ffacfc30000 - 0x00007ffad03c3000 	C:\WINDOWS\SYSTEM32\windows.storage.dll
0x00007ffad2fd0000 - 0x00007ffad3324000 	C:\WINDOWS\System32\combase.dll
0x00007ffad1530000 - 0x00007ffad155e000 	C:\WINDOWS\SYSTEM32\Wldp.dll
0x00007ffad2530000 - 0x00007ffad25dd000 	C:\WINDOWS\System32\SHCORE.dll
0x00007ffad2ea0000 - 0x00007ffad2ef5000 	C:\WINDOWS\System32\shlwapi.dll
0x00007ffad1af0000 - 0x00007ffad1b0f000 	C:\WINDOWS\SYSTEM32\profapi.dll
0x00007ffabda50000 - 0x00007ffabda68000 	C:\Program Files\Eclipse Adoptium\jdk-17.0.6.10-hotspot\bin\zip.dll
0x00007ffaca560000 - 0x00007ffaca579000 	C:\Program Files\Eclipse Adoptium\jdk-17.0.6.10-hotspot\bin\net.dll
0x00007ffac5fb0000 - 0x00007ffac60ba000 	C:\WINDOWS\SYSTEM32\WINHTTP.dll
0x00007ffad1270000 - 0x00007ffad12da000 	C:\WINDOWS\system32\mswsock.dll
0x00007ffabda70000 - 0x00007ffabda85000 	C:\Program Files\Eclipse Adoptium\jdk-17.0.6.10-hotspot\bin\nio.dll
0x00007ffab8a70000 - 0x00007ffab8a79000 	C:\Program Files\Eclipse Adoptium\jdk-17.0.6.10-hotspot\bin\management.dll
0x00007ffab3d60000 - 0x00007ffab3d6b000 	C:\Program Files\Eclipse Adoptium\jdk-17.0.6.10-hotspot\bin\management_ext.dll
0x00007ffad2790000 - 0x00007ffad2798000 	C:\WINDOWS\System32\PSAPI.DLL
0x00007ffabe310000 - 0x00007ffabe320000 	C:\Program Files\Eclipse Adoptium\jdk-17.0.6.10-hotspot\bin\verify.dll
0x0000000069ac0000 - 0x0000000069ae4000 	C:\Users\IVONETE\AppData\Local\Temp\jansi-2.4.0-211ddd4e5cae854a-jansi.dll
0x00007ffad1480000 - 0x00007ffad1498000 	C:\WINDOWS\SYSTEM32\CRYPTSP.dll
0x00007ffad0b70000 - 0x00007ffad0ba4000 	C:\WINDOWS\system32\rsaenh.dll
0x00007ffad1ee0000 - 0x00007ffad1f07000 	C:\WINDOWS\System32\bcrypt.dll
0x00007ffad1a70000 - 0x00007ffad1a9e000 	C:\WINDOWS\SYSTEM32\USERENV.dll
0x00007ffad14a0000 - 0x00007ffad14ac000 	C:\WINDOWS\SYSTEM32\CRYPTBASE.dll
0x00007ffad0f50000 - 0x00007ffad0f8c000 	C:\WINDOWS\SYSTEM32\IPHLPAPI.DLL
0x00007ffad27a0000 - 0x00007ffad27a8000 	C:\WINDOWS\System32\NSI.dll
0x00007ffac5e10000 - 0x00007ffac5e27000 	C:\WINDOWS\SYSTEM32\dhcpcsvc6.DLL
0x00007ffac66a0000 - 0x00007ffac66bd000 	C:\WINDOWS\SYSTEM32\dhcpcsvc.DLL
0x00007ffad0f90000 - 0x00007ffad105b000 	C:\WINDOWS\SYSTEM32\DNSAPI.dll

dbghelp: loaded successfully - version: 4.0.5 - missing functions: none
symbol engine: initialized successfully - sym options: 0x614 - pdb path: .;C:\Program Files\Eclipse Adoptium\jdk-17.0.6.10-hotspot\bin;C:\WINDOWS\SYSTEM32;C:\WINDOWS\WinSxS\amd64_microsoft.windows.common-controls_6595b64144ccf1df_6.0.19041.1110_none_60b5254171f9507e;C:\Program Files\Eclipse Adoptium\jdk-17.0.6.10-hotspot\bin\server;C:\Users\IVONETE\AppData\Local\Temp

VM Arguments:
jvm_args: -Dquarkus-internal.serialized-app-model.path=C:\Users\IVONETE\Documents\Topicos12023\loja-acessorio-project\target\quarkus\bootstrap\dev-app-model.dat -javaagent:C:\Users\IVONETE\.m2\repository\io\quarkus\quarkus-class-change-agent\3.0.2.Final\quarkus-class-change-agent-3.0.2.Final.jar -XX:TieredStopAtLevel=1 -Djava.util.logging.manager=org.jboss.logmanager.LogManager 
java_command: C:\Users\IVONETE\Documents\Topicos12023\loja-acessorio-project\target\loja-acessorio-project-dev.jar
java_class_path (initial): C:\Users\IVONETE\Documents\Topicos12023\loja-acessorio-project\target\loja-acessorio-project-dev.jar
Launcher Type: SUN_STANDARD

[Global flags]
     intx CICompilerCount                          = 2                                         {product} {ergonomic}
     uint ConcGCThreads                            = 1                                         {product} {ergonomic}
     uint G1ConcRefinementThreads                  = 2                                         {product} {ergonomic}
   size_t G1HeapRegionSize                         = 1048576                                   {product} {ergonomic}
    uintx GCDrainStackTargetSize                   = 64                                        {product} {ergonomic}
   size_t InitialHeapSize                          = 67108864                                  {product} {ergonomic}
   size_t MarkStackSize                            = 4194304                                   {product} {ergonomic}
   size_t MaxHeapSize                              = 1046478848                                {product} {ergonomic}
   size_t MaxNewSize                               = 627048448                                 {product} {ergonomic}
   size_t MinHeapDeltaBytes                        = 1048576                                   {product} {ergonomic}
   size_t MinHeapSize                              = 8388608                                   {product} {ergonomic}
    uintx NonProfiledCodeHeapSize                  = 0                                      {pd product} {ergonomic}
     bool ProfileInterpreter                       = false                                  {pd product} {command line}
    uintx ProfiledCodeHeapSize                     = 0                                      {pd product} {ergonomic}
   size_t SoftMaxHeapSize                          = 1046478848                             {manageable} {ergonomic}
     intx TieredStopAtLevel                        = 1                                         {product} {command line}
     bool UseCompressedClassPointers               = true                           {product lp64_product} {ergonomic}
     bool UseCompressedOops                        = true                           {product lp64_product} {ergonomic}
     bool UseG1GC                                  = true                                      {product} {ergonomic}
     bool UseLargePagesIndividualAllocation        = false                                  {pd product} {ergonomic}

Logging:
Log output configuration:
 #0: stdout all=warning uptime,level,tags
 #1: stderr all=off uptime,level,tags

Environment Variables:
JAVA_HOME=C:\Program Files\Eclipse Adoptium\jdk-17.0.6.10-hotspot
CLASSPATH=.;
PATH=C:\Program Files\Eclipse Adoptium\jdk-17.0.6.10-hotspot\bin;C:\Program Files\Eclipse Adoptium\jdk-8.0.362.9-hotspot\bin;C:\Program Files (x86)\Intel\iCLS Client\;C:\Program Files\Intel\iCLS Client\;C:\WINDOWS\system32;C:\WINDOWS;C:\WINDOWS\System32\Wbem;C:\WINDOWS\System32\WindowsPowerShell\v1.0\;C:\Program Files (x86)\Intel\Intel(R) Management Engine Components\DAL;C:\Program Files\Intel\Intel(R) Management Engine Components\DAL;C:\Program Files (x86)\Intel\Intel(R) Management Engine Components\IPT;C:\Program Files\Intel\Intel(R) Management Engine Components\IPT;C:\Program Files\Samsung\SamsungLink\AllShare Framework DMS\bin\;C:\WINDOWS\System32\OpenSSH\;C:\Program Files\Docker\Docker\resources\bin;C:\ProgramData\chocolatey\bin;C:\Program Files\Java\jdk1.8.0_211\bin;C:\Program Files\Microsoft VS Code\bin;C:\Program Files\Git\cmd;C:\Program Files\OpenSSL-Win64\bin;C:\Users\IVONETE\AppData\Local\Microsoft\WindowsApps;C:\tools\mysql\current\bin;
USERNAME=IVONETE
LANG=en_US.UTF-8
OS=Windows_NT
PROCESSOR_IDENTIFIER=Intel64 Family 6 Model 61 Stepping 4, GenuineIntel
TMP=C:\Users\IVONETE\AppData\Local\Temp
TEMP=C:\Users\IVONETE\AppData\Local\Temp



---------------  S Y S T E M  ---------------

OS:
 Windows 10 , 64 bit Build 19041 (10.0.19041.2913)
OS uptime: 2 days 15:08 hours
Hyper-V role detected

CPU: total 2 (initial active 2) (2 cores per cpu, 1 threads per core) family 6 model 61 stepping 4 microcode 0x2d, cx8, cmov, fxsr, mmx, 3dnowpref, sse, sse2, sse3, ssse3, sse4.1, sse4.2, popcnt, lzcnt, tsc, tscinvbit, erms, clmul, clflush, hv

Memory: 4k page, system-wide physical 3991M (289M free)
TotalPageFile size 16279M (AvailPageFile size 53M)
current process WorkingSet (physical memory assigned to process): 217M, peak: 217M
current process commit charge ("private bytes"): 270M, peak: 415M

vm_info: OpenJDK 64-Bit Server VM (17.0.6+10) for windows-amd64 JRE (17.0.6+10), built on Jan 18 2023 10:08:59 by "temurin" with MS VC++ 16.7 (VS2019)

END.
